
         /\      Grafana   /‾‾/  
    /\  /  \     |\  __   /  /   
   /  \/    \    | |/ /  /   ‾‾\ 
  /          \   |   (  |  (‾)  |
 / __________ \  |_|\_\  \_____/ 


     execution: local
        script: /k6/k6/submit-soak.js
        output: -

     scenarios: (100.00%) 1 scenario, 300 max VUs, 10m30s max duration (incl. graceful stop):
              * soak: 60.00 iterations/s for 10m0s (maxVUs: 80-300, gracefulStop: 30s)


running (00m00.9s), 026/080 VUs, 28 complete and 0 interrupted iterations
soak   [   0% ] 026/080 VUs  00m00.9s/10m0s  60.00 iters/s

running (00m01.9s), 038/080 VUs, 75 complete and 0 interrupted iterations
soak   [   0% ] 038/080 VUs  00m01.9s/10m0s  60.00 iters/s

running (00m02.9s), 008/080 VUs, 166 complete and 0 interrupted iterations
soak   [   0% ] 008/080 VUs  00m02.9s/10m0s  60.00 iters/s

running (00m03.9s), 002/080 VUs, 232 complete and 0 interrupted iterations
soak   [   1% ] 002/080 VUs  00m03.9s/10m0s  60.00 iters/s

running (00m04.9s), 002/080 VUs, 292 complete and 0 interrupted iterations
soak   [   1% ] 002/080 VUs  00m04.9s/10m0s  60.00 iters/s

running (00m05.9s), 002/080 VUs, 352 complete and 0 interrupted iterations
soak   [   1% ] 002/080 VUs  00m05.9s/10m0s  60.00 iters/s

running (00m06.9s), 002/080 VUs, 412 complete and 0 interrupted iterations
soak   [   1% ] 002/080 VUs  00m06.9s/10m0s  60.00 iters/s

running (00m07.9s), 005/080 VUs, 469 complete and 0 interrupted iterations
soak   [   1% ] 005/080 VUs  00m07.9s/10m0s  60.00 iters/s

running (00m08.9s), 023/080 VUs, 511 complete and 0 interrupted iterations
soak   [   1% ] 023/080 VUs  00m08.9s/10m0s  60.00 iters/s

running (00m09.9s), 007/080 VUs, 587 complete and 0 interrupted iterations
soak   [   2% ] 007/080 VUs  00m09.9s/10m0s  60.00 iters/s

running (00m10.9s), 002/080 VUs, 652 complete and 0 interrupted iterations
soak   [   2% ] 002/080 VUs  00m10.9s/10m0s  60.00 iters/s

running (00m11.9s), 003/080 VUs, 711 complete and 0 interrupted iterations
soak   [   2% ] 003/080 VUs  00m11.9s/10m0s  60.00 iters/s

running (00m12.9s), 002/080 VUs, 772 complete and 0 interrupted iterations
soak   [   2% ] 002/080 VUs  00m12.9s/10m0s  60.00 iters/s

running (00m13.9s), 002/080 VUs, 832 complete and 0 interrupted iterations
soak   [   2% ] 002/080 VUs  00m13.9s/10m0s  60.00 iters/s

running (00m14.9s), 002/080 VUs, 892 complete and 0 interrupted iterations
soak   [   2% ] 002/080 VUs  00m14.9s/10m0s  60.00 iters/s

running (00m15.9s), 010/080 VUs, 944 complete and 0 interrupted iterations
soak   [   3% ] 010/080 VUs  00m15.9s/10m0s  60.00 iters/s

running (00m16.9s), 005/080 VUs, 1009 complete and 0 interrupted iterations
soak   [   3% ] 005/080 VUs  00m16.9s/10m0s  60.00 iters/s

running (00m17.9s), 003/080 VUs, 1071 complete and 0 interrupted iterations
soak   [   3% ] 003/080 VUs  00m17.9s/10m0s  60.00 iters/s

running (00m18.9s), 002/080 VUs, 1132 complete and 0 interrupted iterations
soak   [   3% ] 002/080 VUs  00m18.9s/10m0s  60.00 iters/s

running (00m19.9s), 002/080 VUs, 1192 complete and 0 interrupted iterations
soak   [   3% ] 002/080 VUs  00m19.9s/10m0s  60.00 iters/s

running (00m20.9s), 002/080 VUs, 1252 complete and 0 interrupted iterations
soak   [   3% ] 002/080 VUs  00m20.9s/10m0s  60.00 iters/s

running (00m21.9s), 002/080 VUs, 1312 complete and 0 interrupted iterations
soak   [   4% ] 002/080 VUs  00m21.9s/10m0s  60.00 iters/s

running (00m22.9s), 002/080 VUs, 1372 complete and 0 interrupted iterations
soak   [   4% ] 002/080 VUs  00m22.9s/10m0s  60.00 iters/s

running (00m23.9s), 006/080 VUs, 1428 complete and 0 interrupted iterations
soak   [   4% ] 006/080 VUs  00m23.9s/10m0s  60.00 iters/s

running (00m24.9s), 003/080 VUs, 1491 complete and 0 interrupted iterations
soak   [   4% ] 003/080 VUs  00m24.9s/10m0s  60.00 iters/s

running (00m25.9s), 002/080 VUs, 1552 complete and 0 interrupted iterations
soak   [   4% ] 002/080 VUs  00m25.9s/10m0s  60.00 iters/s

running (00m26.9s), 002/080 VUs, 1612 complete and 0 interrupted iterations
soak   [   4% ] 002/080 VUs  00m26.9s/10m0s  60.00 iters/s

running (00m27.9s), 002/080 VUs, 1672 complete and 0 interrupted iterations
soak   [   5% ] 002/080 VUs  00m27.9s/10m0s  60.00 iters/s

running (00m28.9s), 002/080 VUs, 1732 complete and 0 interrupted iterations
soak   [   5% ] 002/080 VUs  00m28.9s/10m0s  60.00 iters/s

running (00m29.9s), 002/080 VUs, 1792 complete and 0 interrupted iterations
soak   [   5% ] 002/080 VUs  00m29.9s/10m0s  60.00 iters/s

running (00m30.9s), 010/080 VUs, 1844 complete and 0 interrupted iterations
soak   [   5% ] 010/080 VUs  00m30.9s/10m0s  60.00 iters/s

running (00m31.9s), 002/080 VUs, 1911 complete and 0 interrupted iterations
soak   [   5% ] 002/080 VUs  00m31.9s/10m0s  60.00 iters/s

running (00m32.9s), 007/080 VUs, 1967 complete and 0 interrupted iterations
soak   [   5% ] 007/080 VUs  00m32.9s/10m0s  60.00 iters/s

running (00m33.9s), 002/080 VUs, 2032 complete and 0 interrupted iterations
soak   [   6% ] 002/080 VUs  00m33.9s/10m0s  60.00 iters/s

running (00m34.9s), 002/080 VUs, 2092 complete and 0 interrupted iterations
soak   [   6% ] 002/080 VUs  00m34.9s/10m0s  60.00 iters/s

running (00m35.9s), 001/080 VUs, 2153 complete and 0 interrupted iterations
soak   [   6% ] 001/080 VUs  00m35.9s/10m0s  60.00 iters/s

running (00m36.9s), 002/080 VUs, 2212 complete and 0 interrupted iterations
soak   [   6% ] 002/080 VUs  00m36.9s/10m0s  60.00 iters/s

running (00m37.9s), 001/080 VUs, 2273 complete and 0 interrupted iterations
soak   [   6% ] 001/080 VUs  00m37.9s/10m0s  60.00 iters/s

running (00m38.9s), 004/080 VUs, 2330 complete and 0 interrupted iterations
soak   [   6% ] 004/080 VUs  00m38.9s/10m0s  60.00 iters/s

running (00m39.9s), 003/080 VUs, 2391 complete and 0 interrupted iterations
soak   [   7% ] 003/080 VUs  00m39.9s/10m0s  60.00 iters/s

running (00m40.9s), 003/080 VUs, 2451 complete and 0 interrupted iterations
soak   [   7% ] 003/080 VUs  00m40.9s/10m0s  60.00 iters/s

running (00m41.9s), 002/080 VUs, 2512 complete and 0 interrupted iterations
soak   [   7% ] 002/080 VUs  00m41.9s/10m0s  60.00 iters/s

running (00m42.9s), 002/080 VUs, 2572 complete and 0 interrupted iterations
soak   [   7% ] 002/080 VUs  00m42.9s/10m0s  60.00 iters/s

running (00m43.9s), 002/080 VUs, 2632 complete and 0 interrupted iterations
soak   [   7% ] 002/080 VUs  00m43.9s/10m0s  60.00 iters/s

running (00m44.9s), 002/080 VUs, 2692 complete and 0 interrupted iterations
soak   [   7% ] 002/080 VUs  00m44.9s/10m0s  60.00 iters/s

running (00m45.9s), 002/080 VUs, 2752 complete and 0 interrupted iterations
soak   [   8% ] 002/080 VUs  00m45.9s/10m0s  60.00 iters/s

running (00m46.9s), 005/080 VUs, 2809 complete and 0 interrupted iterations
soak   [   8% ] 005/080 VUs  00m46.9s/10m0s  60.00 iters/s

running (00m47.9s), 002/080 VUs, 2872 complete and 0 interrupted iterations
soak   [   8% ] 002/080 VUs  00m47.9s/10m0s  60.00 iters/s

running (00m48.9s), 002/080 VUs, 2932 complete and 0 interrupted iterations
soak   [   8% ] 002/080 VUs  00m48.9s/10m0s  60.00 iters/s

running (00m49.9s), 002/080 VUs, 2992 complete and 0 interrupted iterations
soak   [   8% ] 002/080 VUs  00m49.9s/10m0s  60.00 iters/s

running (00m50.9s), 002/080 VUs, 3052 complete and 0 interrupted iterations
soak   [   8% ] 002/080 VUs  00m50.9s/10m0s  60.00 iters/s

running (00m51.9s), 001/080 VUs, 3113 complete and 0 interrupted iterations
soak   [   9% ] 001/080 VUs  00m51.9s/10m0s  60.00 iters/s

running (00m52.9s), 002/080 VUs, 3172 complete and 0 interrupted iterations
soak   [   9% ] 002/080 VUs  00m52.9s/10m0s  60.00 iters/s

running (00m53.9s), 015/080 VUs, 3219 complete and 0 interrupted iterations
soak   [   9% ] 015/080 VUs  00m53.9s/10m0s  60.00 iters/s

running (00m54.9s), 002/080 VUs, 3292 complete and 0 interrupted iterations
soak   [   9% ] 002/080 VUs  00m54.9s/10m0s  60.00 iters/s

running (00m55.9s), 002/080 VUs, 3352 complete and 0 interrupted iterations
soak   [   9% ] 002/080 VUs  00m55.9s/10m0s  60.00 iters/s

running (00m56.9s), 002/080 VUs, 3412 complete and 0 interrupted iterations
soak   [   9% ] 002/080 VUs  00m56.9s/10m0s  60.00 iters/s

running (00m57.9s), 002/080 VUs, 3472 complete and 0 interrupted iterations
soak   [  10% ] 002/080 VUs  00m57.9s/10m0s  60.00 iters/s

running (00m58.9s), 002/080 VUs, 3532 complete and 0 interrupted iterations
soak   [  10% ] 002/080 VUs  00m58.9s/10m0s  60.00 iters/s

running (00m59.9s), 002/080 VUs, 3592 complete and 0 interrupted iterations
soak   [  10% ] 002/080 VUs  00m59.9s/10m0s  60.00 iters/s

running (01m00.9s), 004/080 VUs, 3650 complete and 0 interrupted iterations
soak   [  10% ] 004/080 VUs  01m00.9s/10m0s  60.00 iters/s

running (01m01.9s), 003/080 VUs, 3711 complete and 0 interrupted iterations
soak   [  10% ] 003/080 VUs  01m01.9s/10m0s  60.00 iters/s

running (01m02.9s), 003/080 VUs, 3771 complete and 0 interrupted iterations
soak   [  10% ] 003/080 VUs  01m02.9s/10m0s  60.00 iters/s

running (01m03.9s), 002/080 VUs, 3832 complete and 0 interrupted iterations
soak   [  11% ] 002/080 VUs  01m03.9s/10m0s  60.00 iters/s

running (01m04.9s), 002/080 VUs, 3892 complete and 0 interrupted iterations
soak   [  11% ] 002/080 VUs  01m04.9s/10m0s  60.00 iters/s

running (01m05.9s), 002/080 VUs, 3952 complete and 0 interrupted iterations
soak   [  11% ] 002/080 VUs  01m05.9s/10m0s  60.00 iters/s

running (01m06.9s), 002/080 VUs, 4012 complete and 0 interrupted iterations
soak   [  11% ] 002/080 VUs  01m06.9s/10m0s  60.00 iters/s

running (01m07.9s), 002/080 VUs, 4072 complete and 0 interrupted iterations
soak   [  11% ] 002/080 VUs  01m07.9s/10m0s  60.00 iters/s

running (01m08.9s), 006/080 VUs, 4128 complete and 0 interrupted iterations
soak   [  11% ] 006/080 VUs  01m08.9s/10m0s  60.00 iters/s

running (01m09.9s), 002/080 VUs, 4192 complete and 0 interrupted iterations
soak   [  12% ] 002/080 VUs  01m09.9s/10m0s  60.00 iters/s

running (01m10.9s), 002/080 VUs, 4252 complete and 0 interrupted iterations
soak   [  12% ] 002/080 VUs  01m10.9s/10m0s  60.00 iters/s

running (01m11.9s), 002/080 VUs, 4312 complete and 0 interrupted iterations
soak   [  12% ] 002/080 VUs  01m11.9s/10m0s  60.00 iters/s

running (01m12.9s), 002/080 VUs, 4372 complete and 0 interrupted iterations
soak   [  12% ] 002/080 VUs  01m12.9s/10m0s  60.00 iters/s

running (01m13.9s), 001/080 VUs, 4433 complete and 0 interrupted iterations
soak   [  12% ] 001/080 VUs  01m13.9s/10m0s  60.00 iters/s

running (01m14.9s), 002/080 VUs, 4492 complete and 0 interrupted iterations
soak   [  12% ] 002/080 VUs  01m14.9s/10m0s  60.00 iters/s

running (01m15.9s), 002/080 VUs, 4552 complete and 0 interrupted iterations
soak   [  13% ] 002/080 VUs  01m15.9s/10m0s  60.00 iters/s

running (01m16.9s), 003/080 VUs, 4611 complete and 0 interrupted iterations
soak   [  13% ] 003/080 VUs  01m16.9s/10m0s  60.00 iters/s

running (01m17.9s), 002/080 VUs, 4672 complete and 0 interrupted iterations
soak   [  13% ] 002/080 VUs  01m17.9s/10m0s  60.00 iters/s

running (01m18.9s), 002/080 VUs, 4732 complete and 0 interrupted iterations
soak   [  13% ] 002/080 VUs  01m18.9s/10m0s  60.00 iters/s

running (01m19.9s), 002/080 VUs, 4792 complete and 0 interrupted iterations
soak   [  13% ] 002/080 VUs  01m19.9s/10m0s  60.00 iters/s

running (01m20.9s), 002/080 VUs, 4852 complete and 0 interrupted iterations
soak   [  13% ] 002/080 VUs  01m20.9s/10m0s  60.00 iters/s

running (01m21.9s), 002/080 VUs, 4912 complete and 0 interrupted iterations
soak   [  14% ] 002/080 VUs  01m21.9s/10m0s  60.00 iters/s

running (01m22.9s), 003/080 VUs, 4971 complete and 0 interrupted iterations
soak   [  14% ] 003/080 VUs  01m22.9s/10m0s  60.00 iters/s

running (01m23.9s), 004/080 VUs, 5030 complete and 0 interrupted iterations
soak   [  14% ] 004/080 VUs  01m23.9s/10m0s  60.00 iters/s

running (01m24.9s), 002/080 VUs, 5092 complete and 0 interrupted iterations
soak   [  14% ] 002/080 VUs  01m24.9s/10m0s  60.00 iters/s

running (01m25.9s), 002/080 VUs, 5152 complete and 0 interrupted iterations
soak   [  14% ] 002/080 VUs  01m25.9s/10m0s  60.00 iters/s

running (01m26.9s), 002/080 VUs, 5212 complete and 0 interrupted iterations
soak   [  14% ] 002/080 VUs  01m26.9s/10m0s  60.00 iters/s

running (01m27.9s), 002/080 VUs, 5272 complete and 0 interrupted iterations
soak   [  15% ] 002/080 VUs  01m27.9s/10m0s  60.00 iters/s

running (01m28.9s), 001/080 VUs, 5333 complete and 0 interrupted iterations
soak   [  15% ] 001/080 VUs  01m28.9s/10m0s  60.00 iters/s

running (01m29.9s), 003/080 VUs, 5391 complete and 0 interrupted iterations
soak   [  15% ] 003/080 VUs  01m29.9s/10m0s  60.00 iters/s

running (01m30.9s), 002/080 VUs, 5451 complete and 0 interrupted iterations
soak   [  15% ] 002/080 VUs  01m30.9s/10m0s  60.00 iters/s

running (01m31.9s), 002/080 VUs, 5512 complete and 0 interrupted iterations
soak   [  15% ] 002/080 VUs  01m31.9s/10m0s  60.00 iters/s

running (01m32.9s), 002/080 VUs, 5572 complete and 0 interrupted iterations
soak   [  15% ] 002/080 VUs  01m32.9s/10m0s  60.00 iters/s

running (01m33.9s), 002/080 VUs, 5632 complete and 0 interrupted iterations
soak   [  16% ] 002/080 VUs  01m33.9s/10m0s  60.00 iters/s

running (01m34.9s), 002/080 VUs, 5692 complete and 0 interrupted iterations
soak   [  16% ] 002/080 VUs  01m34.9s/10m0s  60.00 iters/s

running (01m35.9s), 002/080 VUs, 5752 complete and 0 interrupted iterations
soak   [  16% ] 002/080 VUs  01m35.9s/10m0s  60.00 iters/s

running (01m36.9s), 002/080 VUs, 5812 complete and 0 interrupted iterations
soak   [  16% ] 002/080 VUs  01m36.9s/10m0s  60.00 iters/s

running (01m37.9s), 003/080 VUs, 5871 complete and 0 interrupted iterations
soak   [  16% ] 003/080 VUs  01m37.9s/10m0s  60.00 iters/s

running (01m38.9s), 002/080 VUs, 5932 complete and 0 interrupted iterations
soak   [  16% ] 002/080 VUs  01m38.9s/10m0s  60.00 iters/s

running (01m39.9s), 002/080 VUs, 5992 complete and 0 interrupted iterations
soak   [  17% ] 002/080 VUs  01m39.9s/10m0s  60.00 iters/s

running (01m40.9s), 002/080 VUs, 6052 complete and 0 interrupted iterations
soak   [  17% ] 002/080 VUs  01m40.9s/10m0s  60.00 iters/s

running (01m41.9s), 002/080 VUs, 6112 complete and 0 interrupted iterations
soak   [  17% ] 002/080 VUs  01m41.9s/10m0s  60.00 iters/s

running (01m42.9s), 002/080 VUs, 6172 complete and 0 interrupted iterations
soak   [  17% ] 002/080 VUs  01m42.9s/10m0s  60.00 iters/s

running (01m43.9s), 002/080 VUs, 6232 complete and 0 interrupted iterations
soak   [  17% ] 002/080 VUs  01m43.9s/10m0s  60.00 iters/s

running (01m44.9s), 003/080 VUs, 6291 complete and 0 interrupted iterations
soak   [  17% ] 003/080 VUs  01m44.9s/10m0s  60.00 iters/s

running (01m45.9s), 003/080 VUs, 6350 complete and 0 interrupted iterations
soak   [  18% ] 003/080 VUs  01m45.9s/10m0s  60.00 iters/s

running (01m46.9s), 002/080 VUs, 6412 complete and 0 interrupted iterations
soak   [  18% ] 002/080 VUs  01m46.9s/10m0s  60.00 iters/s

running (01m47.9s), 002/080 VUs, 6472 complete and 0 interrupted iterations
soak   [  18% ] 002/080 VUs  01m47.9s/10m0s  60.00 iters/s

running (01m48.9s), 002/080 VUs, 6532 complete and 0 interrupted iterations
soak   [  18% ] 002/080 VUs  01m48.9s/10m0s  60.00 iters/s

running (01m49.9s), 002/080 VUs, 6592 complete and 0 interrupted iterations
soak   [  18% ] 002/080 VUs  01m49.9s/10m0s  60.00 iters/s

running (01m50.9s), 002/080 VUs, 6652 complete and 0 interrupted iterations
soak   [  18% ] 002/080 VUs  01m50.9s/10m0s  60.00 iters/s

running (01m51.9s), 003/080 VUs, 6710 complete and 0 interrupted iterations
soak   [  19% ] 003/080 VUs  01m51.9s/10m0s  60.00 iters/s

running (01m52.9s), 002/080 VUs, 6772 complete and 0 interrupted iterations
soak   [  19% ] 002/080 VUs  01m52.9s/10m0s  60.00 iters/s

running (01m53.9s), 003/080 VUs, 6831 complete and 0 interrupted iterations
soak   [  19% ] 003/080 VUs  01m53.9s/10m0s  60.00 iters/s

running (01m54.9s), 002/080 VUs, 6892 complete and 0 interrupted iterations
soak   [  19% ] 002/080 VUs  01m54.9s/10m0s  60.00 iters/s

running (01m55.9s), 002/080 VUs, 6952 complete and 0 interrupted iterations
soak   [  19% ] 002/080 VUs  01m55.9s/10m0s  60.00 iters/s

running (01m56.9s), 002/080 VUs, 7012 complete and 0 interrupted iterations
soak   [  19% ] 002/080 VUs  01m56.9s/10m0s  60.00 iters/s

running (01m57.9s), 002/080 VUs, 7072 complete and 0 interrupted iterations
soak   [  20% ] 002/080 VUs  01m57.9s/10m0s  60.00 iters/s

running (01m58.9s), 002/080 VUs, 7132 complete and 0 interrupted iterations
soak   [  20% ] 002/080 VUs  01m58.9s/10m0s  60.00 iters/s

running (01m59.9s), 012/080 VUs, 7181 complete and 0 interrupted iterations
soak   [  20% ] 012/080 VUs  01m59.9s/10m0s  60.00 iters/s

running (02m00.9s), 002/080 VUs, 7252 complete and 0 interrupted iterations
soak   [  20% ] 002/080 VUs  02m00.9s/10m0s  60.00 iters/s

running (02m01.9s), 002/080 VUs, 7312 complete and 0 interrupted iterations
soak   [  20% ] 002/080 VUs  02m01.9s/10m0s  60.00 iters/s

running (02m02.9s), 002/080 VUs, 7372 complete and 0 interrupted iterations
soak   [  20% ] 002/080 VUs  02m02.9s/10m0s  60.00 iters/s

running (02m03.9s), 002/080 VUs, 7432 complete and 0 interrupted iterations
soak   [  21% ] 002/080 VUs  02m03.9s/10m0s  60.00 iters/s

running (02m04.9s), 001/080 VUs, 7493 complete and 0 interrupted iterations
soak   [  21% ] 001/080 VUs  02m04.9s/10m0s  60.00 iters/s

running (02m05.9s), 001/080 VUs, 7553 complete and 0 interrupted iterations
soak   [  21% ] 001/080 VUs  02m05.9s/10m0s  60.00 iters/s

running (02m06.9s), 010/080 VUs, 7604 complete and 0 interrupted iterations
soak   [  21% ] 010/080 VUs  02m06.9s/10m0s  60.00 iters/s

running (02m07.9s), 003/080 VUs, 7671 complete and 0 interrupted iterations
soak   [  21% ] 003/080 VUs  02m07.9s/10m0s  60.00 iters/s

running (02m08.9s), 002/080 VUs, 7732 complete and 0 interrupted iterations
soak   [  21% ] 002/080 VUs  02m08.9s/10m0s  60.00 iters/s

running (02m09.9s), 002/080 VUs, 7793 complete and 0 interrupted iterations
soak   [  22% ] 001/080 VUs  02m09.9s/10m0s  60.00 iters/s

running (02m10.9s), 002/080 VUs, 7852 complete and 0 interrupted iterations
soak   [  22% ] 002/080 VUs  02m10.9s/10m0s  60.00 iters/s

running (02m11.9s), 002/080 VUs, 7912 complete and 0 interrupted iterations
soak   [  22% ] 002/080 VUs  02m11.9s/10m0s  60.00 iters/s

running (02m12.9s), 002/080 VUs, 7972 complete and 0 interrupted iterations
soak   [  22% ] 002/080 VUs  02m12.9s/10m0s  60.00 iters/s

running (02m13.9s), 004/080 VUs, 8030 complete and 0 interrupted iterations
soak   [  22% ] 004/080 VUs  02m13.9s/10m0s  60.00 iters/s

running (02m14.9s), 002/080 VUs, 8092 complete and 0 interrupted iterations
soak   [  22% ] 002/080 VUs  02m14.9s/10m0s  60.00 iters/s

running (02m15.9s), 003/080 VUs, 8151 complete and 0 interrupted iterations
soak   [  23% ] 003/080 VUs  02m15.9s/10m0s  60.00 iters/s

running (02m16.9s), 002/080 VUs, 8212 complete and 0 interrupted iterations
soak   [  23% ] 002/080 VUs  02m16.9s/10m0s  60.00 iters/s

running (02m17.9s), 002/080 VUs, 8272 complete and 0 interrupted iterations
soak   [  23% ] 002/080 VUs  02m17.9s/10m0s  60.00 iters/s

running (02m18.9s), 002/080 VUs, 8332 complete and 0 interrupted iterations
soak   [  23% ] 002/080 VUs  02m18.9s/10m0s  60.00 iters/s

running (02m19.9s), 002/080 VUs, 8392 complete and 0 interrupted iterations
soak   [  23% ] 002/080 VUs  02m19.9s/10m0s  60.00 iters/s

running (02m20.9s), 002/080 VUs, 8452 complete and 0 interrupted iterations
soak   [  23% ] 002/080 VUs  02m20.9s/10m0s  60.00 iters/s

running (02m21.9s), 007/080 VUs, 8507 complete and 0 interrupted iterations
soak   [  24% ] 007/080 VUs  02m21.9s/10m0s  60.00 iters/s

running (02m22.9s), 003/080 VUs, 8571 complete and 0 interrupted iterations
soak   [  24% ] 003/080 VUs  02m22.9s/10m0s  60.00 iters/s

running (02m23.9s), 002/080 VUs, 8632 complete and 0 interrupted iterations
soak   [  24% ] 002/080 VUs  02m23.9s/10m0s  60.00 iters/s

running (02m24.9s), 002/080 VUs, 8692 complete and 0 interrupted iterations
soak   [  24% ] 002/080 VUs  02m24.9s/10m0s  60.00 iters/s

running (02m25.9s), 002/080 VUs, 8752 complete and 0 interrupted iterations
soak   [  24% ] 002/080 VUs  02m25.9s/10m0s  60.00 iters/s

running (02m26.9s), 001/080 VUs, 8813 complete and 0 interrupted iterations
soak   [  24% ] 001/080 VUs  02m26.9s/10m0s  60.00 iters/s

running (02m27.9s), 002/080 VUs, 8872 complete and 0 interrupted iterations
soak   [  25% ] 002/080 VUs  02m27.9s/10m0s  60.00 iters/s

running (02m28.9s), 009/080 VUs, 8925 complete and 0 interrupted iterations
soak   [  25% ] 009/080 VUs  02m28.9s/10m0s  60.00 iters/s

running (02m29.9s), 002/080 VUs, 8992 complete and 0 interrupted iterations
soak   [  25% ] 002/080 VUs  02m29.9s/10m0s  60.00 iters/s

running (02m30.9s), 002/080 VUs, 9052 complete and 0 interrupted iterations
soak   [  25% ] 002/080 VUs  02m30.9s/10m0s  60.00 iters/s

running (02m31.9s), 002/080 VUs, 9112 complete and 0 interrupted iterations
soak   [  25% ] 002/080 VUs  02m31.9s/10m0s  60.00 iters/s

running (02m32.9s), 002/080 VUs, 9172 complete and 0 interrupted iterations
soak   [  25% ] 002/080 VUs  02m32.9s/10m0s  60.00 iters/s

running (02m33.9s), 002/080 VUs, 9232 complete and 0 interrupted iterations
soak   [  26% ] 002/080 VUs  02m33.9s/10m0s  60.00 iters/s

running (02m34.9s), 002/080 VUs, 9292 complete and 0 interrupted iterations
soak   [  26% ] 002/080 VUs  02m34.9s/10m0s  60.00 iters/s

running (02m35.9s), 002/080 VUs, 9352 complete and 0 interrupted iterations
soak   [  26% ] 002/080 VUs  02m35.9s/10m0s  60.00 iters/s

running (02m36.9s), 002/080 VUs, 9412 complete and 0 interrupted iterations
soak   [  26% ] 002/080 VUs  02m36.9s/10m0s  60.00 iters/s

running (02m37.9s), 003/080 VUs, 9471 complete and 0 interrupted iterations
soak   [  26% ] 003/080 VUs  02m37.9s/10m0s  60.00 iters/s

running (02m38.9s), 002/080 VUs, 9532 complete and 0 interrupted iterations
soak   [  26% ] 002/080 VUs  02m38.9s/10m0s  60.00 iters/s

running (02m39.9s), 002/080 VUs, 9592 complete and 0 interrupted iterations
soak   [  27% ] 002/080 VUs  02m39.9s/10m0s  60.00 iters/s

running (02m40.9s), 002/080 VUs, 9652 complete and 0 interrupted iterations
soak   [  27% ] 002/080 VUs  02m40.9s/10m0s  60.00 iters/s

running (02m41.9s), 002/080 VUs, 9712 complete and 0 interrupted iterations
soak   [  27% ] 002/080 VUs  02m41.9s/10m0s  60.00 iters/s

running (02m42.9s), 002/080 VUs, 9772 complete and 0 interrupted iterations
soak   [  27% ] 002/080 VUs  02m42.9s/10m0s  60.00 iters/s

running (02m43.9s), 006/080 VUs, 9828 complete and 0 interrupted iterations
soak   [  27% ] 006/080 VUs  02m43.9s/10m0s  60.00 iters/s

running (02m44.9s), 003/080 VUs, 9891 complete and 0 interrupted iterations
soak   [  27% ] 003/080 VUs  02m44.9s/10m0s  60.00 iters/s

running (02m45.9s), 002/080 VUs, 9952 complete and 0 interrupted iterations
soak   [  28% ] 002/080 VUs  02m45.9s/10m0s  60.00 iters/s

running (02m46.9s), 002/080 VUs, 10012 complete and 0 interrupted iterations
soak   [  28% ] 002/080 VUs  02m46.9s/10m0s  60.00 iters/s

running (02m47.9s), 002/080 VUs, 10072 complete and 0 interrupted iterations
soak   [  28% ] 002/080 VUs  02m47.9s/10m0s  60.00 iters/s

running (02m48.9s), 002/080 VUs, 10132 complete and 0 interrupted iterations
soak   [  28% ] 002/080 VUs  02m48.9s/10m0s  60.00 iters/s

running (02m49.9s), 002/080 VUs, 10192 complete and 0 interrupted iterations
soak   [  28% ] 002/080 VUs  02m49.9s/10m0s  60.00 iters/s

running (02m50.9s), 002/080 VUs, 10252 complete and 0 interrupted iterations
soak   [  28% ] 002/080 VUs  02m50.9s/10m0s  60.00 iters/s

running (02m51.9s), 003/080 VUs, 10311 complete and 0 interrupted iterations
soak   [  29% ] 003/080 VUs  02m51.9s/10m0s  60.00 iters/s

running (02m52.9s), 002/080 VUs, 10372 complete and 0 interrupted iterations
soak   [  29% ] 002/080 VUs  02m52.9s/10m0s  60.00 iters/s

running (02m53.9s), 002/080 VUs, 10432 complete and 0 interrupted iterations
soak   [  29% ] 002/080 VUs  02m53.9s/10m0s  60.00 iters/s

running (02m54.9s), 002/080 VUs, 10492 complete and 0 interrupted iterations
soak   [  29% ] 002/080 VUs  02m54.9s/10m0s  60.00 iters/s

running (02m55.9s), 002/080 VUs, 10552 complete and 0 interrupted iterations
soak   [  29% ] 002/080 VUs  02m55.9s/10m0s  60.00 iters/s

running (02m56.9s), 002/080 VUs, 10612 complete and 0 interrupted iterations
soak   [  29% ] 002/080 VUs  02m56.9s/10m0s  60.00 iters/s

running (02m57.9s), 002/080 VUs, 10672 complete and 0 interrupted iterations
soak   [  30% ] 002/080 VUs  02m57.9s/10m0s  60.00 iters/s

running (02m58.9s), 006/080 VUs, 10727 complete and 0 interrupted iterations
soak   [  30% ] 006/080 VUs  02m58.9s/10m0s  60.00 iters/s

running (02m59.9s), 003/080 VUs, 10791 complete and 0 interrupted iterations
soak   [  30% ] 003/080 VUs  02m59.9s/10m0s  60.00 iters/s

running (03m00.9s), 002/080 VUs, 10852 complete and 0 interrupted iterations
soak   [  30% ] 002/080 VUs  03m00.9s/10m0s  60.00 iters/s

running (03m01.9s), 002/080 VUs, 10912 complete and 0 interrupted iterations
soak   [  30% ] 002/080 VUs  03m01.9s/10m0s  60.00 iters/s

running (03m02.9s), 002/080 VUs, 10972 complete and 0 interrupted iterations
soak   [  30% ] 002/080 VUs  03m02.9s/10m0s  60.00 iters/s

running (03m03.9s), 001/080 VUs, 11033 complete and 0 interrupted iterations
soak   [  31% ] 001/080 VUs  03m03.9s/10m0s  60.00 iters/s

running (03m04.9s), 003/080 VUs, 11091 complete and 0 interrupted iterations
soak   [  31% ] 003/080 VUs  03m04.9s/10m0s  60.00 iters/s

running (03m05.9s), 003/080 VUs, 11151 complete and 0 interrupted iterations
soak   [  31% ] 003/080 VUs  03m05.9s/10m0s  60.00 iters/s

running (03m06.9s), 002/080 VUs, 11212 complete and 0 interrupted iterations
soak   [  31% ] 002/080 VUs  03m06.9s/10m0s  60.00 iters/s

running (03m07.9s), 002/080 VUs, 11272 complete and 0 interrupted iterations
soak   [  31% ] 002/080 VUs  03m07.9s/10m0s  60.00 iters/s

running (03m08.9s), 002/080 VUs, 11332 complete and 0 interrupted iterations
soak   [  31% ] 002/080 VUs  03m08.9s/10m0s  60.00 iters/s

running (03m09.9s), 002/080 VUs, 11392 complete and 0 interrupted iterations
soak   [  32% ] 002/080 VUs  03m09.9s/10m0s  60.00 iters/s

running (03m10.9s), 001/080 VUs, 11453 complete and 0 interrupted iterations
soak   [  32% ] 001/080 VUs  03m10.9s/10m0s  60.00 iters/s

running (03m11.9s), 002/080 VUs, 11512 complete and 0 interrupted iterations
soak   [  32% ] 002/080 VUs  03m11.9s/10m0s  60.00 iters/s

running (03m12.9s), 007/080 VUs, 11567 complete and 0 interrupted iterations
soak   [  32% ] 007/080 VUs  03m12.9s/10m0s  60.00 iters/s

running (03m13.9s), 003/080 VUs, 11631 complete and 0 interrupted iterations
soak   [  32% ] 003/080 VUs  03m13.9s/10m0s  60.00 iters/s

running (03m14.9s), 002/080 VUs, 11692 complete and 0 interrupted iterations
soak   [  32% ] 002/080 VUs  03m14.9s/10m0s  60.00 iters/s

running (03m15.9s), 002/080 VUs, 11752 complete and 0 interrupted iterations
soak   [  33% ] 002/080 VUs  03m15.9s/10m0s  60.00 iters/s

running (03m16.9s), 002/080 VUs, 11812 complete and 0 interrupted iterations
soak   [  33% ] 002/080 VUs  03m16.9s/10m0s  60.00 iters/s

running (03m17.9s), 002/080 VUs, 11872 complete and 0 interrupted iterations
soak   [  33% ] 002/080 VUs  03m17.9s/10m0s  60.00 iters/s

running (03m18.9s), 001/080 VUs, 11933 complete and 0 interrupted iterations
soak   [  33% ] 001/080 VUs  03m18.9s/10m0s  60.00 iters/s

running (03m19.9s), 002/080 VUs, 11992 complete and 0 interrupted iterations
soak   [  33% ] 002/080 VUs  03m19.9s/10m0s  60.00 iters/s

running (03m20.9s), 009/080 VUs, 12044 complete and 0 interrupted iterations
soak   [  33% ] 009/080 VUs  03m20.9s/10m0s  60.00 iters/s

running (03m21.9s), 002/080 VUs, 12112 complete and 0 interrupted iterations
soak   [  34% ] 002/080 VUs  03m21.9s/10m0s  60.00 iters/s

running (03m22.9s), 002/080 VUs, 12172 complete and 0 interrupted iterations
soak   [  34% ] 002/080 VUs  03m22.9s/10m0s  60.00 iters/s

running (03m23.9s), 002/080 VUs, 12232 complete and 0 interrupted iterations
soak   [  34% ] 002/080 VUs  03m23.9s/10m0s  60.00 iters/s

running (03m24.9s), 002/080 VUs, 12292 complete and 0 interrupted iterations
soak   [  34% ] 002/080 VUs  03m24.9s/10m0s  60.00 iters/s

running (03m25.9s), 002/080 VUs, 12352 complete and 0 interrupted iterations
soak   [  34% ] 002/080 VUs  03m25.9s/10m0s  60.00 iters/s

running (03m26.9s), 002/080 VUs, 12412 complete and 0 interrupted iterations
soak   [  34% ] 002/080 VUs  03m26.9s/10m0s  60.00 iters/s

running (03m27.9s), 004/080 VUs, 12470 complete and 0 interrupted iterations
soak   [  35% ] 004/080 VUs  03m27.9s/10m0s  60.00 iters/s

running (03m28.9s), 003/080 VUs, 12531 complete and 0 interrupted iterations
soak   [  35% ] 003/080 VUs  03m28.9s/10m0s  60.00 iters/s

running (03m29.9s), 007/080 VUs, 12587 complete and 0 interrupted iterations
soak   [  35% ] 007/080 VUs  03m29.9s/10m0s  60.00 iters/s

running (03m30.9s), 002/080 VUs, 12652 complete and 0 interrupted iterations
soak   [  35% ] 002/080 VUs  03m30.9s/10m0s  60.00 iters/s

running (03m31.9s), 002/080 VUs, 12712 complete and 0 interrupted iterations
soak   [  35% ] 002/080 VUs  03m31.9s/10m0s  60.00 iters/s

running (03m32.9s), 002/080 VUs, 12772 complete and 0 interrupted iterations
soak   [  35% ] 002/080 VUs  03m32.9s/10m0s  60.00 iters/s

running (03m33.9s), 001/080 VUs, 12832 complete and 0 interrupted iterations
soak   [  36% ] 001/080 VUs  03m33.9s/10m0s  60.00 iters/s

running (03m34.9s), 002/080 VUs, 12892 complete and 0 interrupted iterations
soak   [  36% ] 002/080 VUs  03m34.9s/10m0s  60.00 iters/s

running (03m35.9s), 002/080 VUs, 12952 complete and 0 interrupted iterations
soak   [  36% ] 002/080 VUs  03m35.9s/10m0s  60.00 iters/s

running (03m36.9s), 003/080 VUs, 13011 complete and 0 interrupted iterations
soak   [  36% ] 003/080 VUs  03m36.9s/10m0s  60.00 iters/s

running (03m37.9s), 002/080 VUs, 13072 complete and 0 interrupted iterations
soak   [  36% ] 002/080 VUs  03m37.9s/10m0s  60.00 iters/s

running (03m38.9s), 002/080 VUs, 13132 complete and 0 interrupted iterations
soak   [  36% ] 002/080 VUs  03m38.9s/10m0s  60.00 iters/s

running (03m39.9s), 002/080 VUs, 13192 complete and 0 interrupted iterations
soak   [  37% ] 002/080 VUs  03m39.9s/10m0s  60.00 iters/s

running (03m40.9s), 002/080 VUs, 13252 complete and 0 interrupted iterations
soak   [  37% ] 002/080 VUs  03m40.9s/10m0s  60.00 iters/s

running (03m41.9s), 001/080 VUs, 13313 complete and 0 interrupted iterations
soak   [  37% ] 001/080 VUs  03m41.9s/10m0s  60.00 iters/s

running (03m42.9s), 002/080 VUs, 13372 complete and 0 interrupted iterations
soak   [  37% ] 002/080 VUs  03m42.9s/10m0s  60.00 iters/s

running (03m43.9s), 002/080 VUs, 13432 complete and 0 interrupted iterations
soak   [  37% ] 002/080 VUs  03m43.9s/10m0s  60.00 iters/s

running (03m44.9s), 001/080 VUs, 13493 complete and 0 interrupted iterations
soak   [  37% ] 001/080 VUs  03m44.9s/10m0s  60.00 iters/s

running (03m45.9s), 002/080 VUs, 13552 complete and 0 interrupted iterations
soak   [  38% ] 002/080 VUs  03m45.9s/10m0s  60.00 iters/s

running (03m46.9s), 001/080 VUs, 13613 complete and 0 interrupted iterations
soak   [  38% ] 001/080 VUs  03m46.9s/10m0s  60.00 iters/s

running (03m47.9s), 002/080 VUs, 13672 complete and 0 interrupted iterations
soak   [  38% ] 002/080 VUs  03m47.9s/10m0s  60.00 iters/s

running (03m48.9s), 002/080 VUs, 13732 complete and 0 interrupted iterations
soak   [  38% ] 002/080 VUs  03m48.9s/10m0s  60.00 iters/s

running (03m49.9s), 004/080 VUs, 13789 complete and 0 interrupted iterations
soak   [  38% ] 004/080 VUs  03m49.9s/10m0s  60.00 iters/s

running (03m50.9s), 021/080 VUs, 13833 complete and 0 interrupted iterations
soak   [  38% ] 021/080 VUs  03m50.9s/10m0s  60.00 iters/s

running (03m51.9s), 002/080 VUs, 13911 complete and 0 interrupted iterations
soak   [  39% ] 002/080 VUs  03m51.9s/10m0s  60.00 iters/s

running (03m52.9s), 001/080 VUs, 13973 complete and 0 interrupted iterations
soak   [  39% ] 001/080 VUs  03m52.9s/10m0s  60.00 iters/s

running (03m53.9s), 001/080 VUs, 14033 complete and 0 interrupted iterations
soak   [  39% ] 001/080 VUs  03m53.9s/10m0s  60.00 iters/s

running (03m54.9s), 002/080 VUs, 14092 complete and 0 interrupted iterations
soak   [  39% ] 002/080 VUs  03m54.9s/10m0s  60.00 iters/s

running (03m55.9s), 002/080 VUs, 14152 complete and 0 interrupted iterations
soak   [  39% ] 002/080 VUs  03m55.9s/10m0s  60.00 iters/s

running (03m56.9s), 002/080 VUs, 14212 complete and 0 interrupted iterations
soak   [  39% ] 002/080 VUs  03m56.9s/10m0s  60.00 iters/s

running (03m57.9s), 003/080 VUs, 14271 complete and 0 interrupted iterations
soak   [  40% ] 003/080 VUs  03m57.9s/10m0s  60.00 iters/s

running (03m58.9s), 002/080 VUs, 14332 complete and 0 interrupted iterations
soak   [  40% ] 002/080 VUs  03m58.9s/10m0s  60.00 iters/s

running (03m59.9s), 002/080 VUs, 14392 complete and 0 interrupted iterations
soak   [  40% ] 002/080 VUs  03m59.9s/10m0s  60.00 iters/s

running (04m00.9s), 002/080 VUs, 14452 complete and 0 interrupted iterations
soak   [  40% ] 002/080 VUs  04m00.9s/10m0s  60.00 iters/s

running (04m01.9s), 001/080 VUs, 14512 complete and 0 interrupted iterations
soak   [  40% ] 001/080 VUs  04m01.9s/10m0s  60.00 iters/s

running (04m02.9s), 001/080 VUs, 14573 complete and 0 interrupted iterations
soak   [  40% ] 001/080 VUs  04m02.9s/10m0s  60.00 iters/s

running (04m03.9s), 002/080 VUs, 14632 complete and 0 interrupted iterations
soak   [  41% ] 002/080 VUs  04m03.9s/10m0s  60.00 iters/s

running (04m04.9s), 003/080 VUs, 14691 complete and 0 interrupted iterations
soak   [  41% ] 003/080 VUs  04m04.9s/10m0s  60.00 iters/s

running (04m05.9s), 003/080 VUs, 14750 complete and 0 interrupted iterations
soak   [  41% ] 003/080 VUs  04m05.9s/10m0s  60.00 iters/s

running (04m06.9s), 003/080 VUs, 14811 complete and 0 interrupted iterations
soak   [  41% ] 003/080 VUs  04m06.9s/10m0s  60.00 iters/s

running (04m07.9s), 002/080 VUs, 14872 complete and 0 interrupted iterations
soak   [  41% ] 002/080 VUs  04m07.9s/10m0s  60.00 iters/s

running (04m08.9s), 001/080 VUs, 14933 complete and 0 interrupted iterations
soak   [  41% ] 001/080 VUs  04m08.9s/10m0s  60.00 iters/s

running (04m09.9s), 001/080 VUs, 14993 complete and 0 interrupted iterations
soak   [  42% ] 001/080 VUs  04m09.9s/10m0s  60.00 iters/s

running (04m10.9s), 002/080 VUs, 15052 complete and 0 interrupted iterations
soak   [  42% ] 002/080 VUs  04m10.9s/10m0s  60.00 iters/s

running (04m11.9s), 002/080 VUs, 15112 complete and 0 interrupted iterations
soak   [  42% ] 002/080 VUs  04m11.9s/10m0s  60.00 iters/s

running (04m12.9s), 004/080 VUs, 15170 complete and 0 interrupted iterations
soak   [  42% ] 004/080 VUs  04m12.9s/10m0s  60.00 iters/s

running (04m13.9s), 003/080 VUs, 15231 complete and 0 interrupted iterations
soak   [  42% ] 003/080 VUs  04m13.9s/10m0s  60.00 iters/s

running (04m14.9s), 002/080 VUs, 15292 complete and 0 interrupted iterations
soak   [  42% ] 002/080 VUs  04m14.9s/10m0s  60.00 iters/s

running (04m15.9s), 002/080 VUs, 15352 complete and 0 interrupted iterations
soak   [  43% ] 002/080 VUs  04m15.9s/10m0s  60.00 iters/s

running (04m16.9s), 001/080 VUs, 15413 complete and 0 interrupted iterations
soak   [  43% ] 001/080 VUs  04m16.9s/10m0s  60.00 iters/s

running (04m17.9s), 002/080 VUs, 15472 complete and 0 interrupted iterations
soak   [  43% ] 002/080 VUs  04m17.9s/10m0s  60.00 iters/s

running (04m18.9s), 002/080 VUs, 15532 complete and 0 interrupted iterations
soak   [  43% ] 002/080 VUs  04m18.9s/10m0s  60.00 iters/s

running (04m19.9s), 004/080 VUs, 15590 complete and 0 interrupted iterations
soak   [  43% ] 004/080 VUs  04m19.9s/10m0s  60.00 iters/s

running (04m20.9s), 003/080 VUs, 15651 complete and 0 interrupted iterations
soak   [  43% ] 003/080 VUs  04m20.9s/10m0s  60.00 iters/s

running (04m21.9s), 004/080 VUs, 15710 complete and 0 interrupted iterations
soak   [  44% ] 004/080 VUs  04m21.9s/10m0s  60.00 iters/s

running (04m22.9s), 002/080 VUs, 15772 complete and 0 interrupted iterations
soak   [  44% ] 002/080 VUs  04m22.9s/10m0s  60.00 iters/s

running (04m23.9s), 002/080 VUs, 15832 complete and 0 interrupted iterations
soak   [  44% ] 002/080 VUs  04m23.9s/10m0s  60.00 iters/s

running (04m24.9s), 002/080 VUs, 15892 complete and 0 interrupted iterations
soak   [  44% ] 002/080 VUs  04m24.9s/10m0s  60.00 iters/s

running (04m25.9s), 002/080 VUs, 15952 complete and 0 interrupted iterations
soak   [  44% ] 002/080 VUs  04m25.9s/10m0s  60.00 iters/s

running (04m26.9s), 002/080 VUs, 16012 complete and 0 interrupted iterations
soak   [  44% ] 002/080 VUs  04m26.9s/10m0s  60.00 iters/s

running (04m27.9s), 004/080 VUs, 16070 complete and 0 interrupted iterations
soak   [  45% ] 004/080 VUs  04m27.9s/10m0s  60.00 iters/s

running (04m28.9s), 002/080 VUs, 16131 complete and 0 interrupted iterations
soak   [  45% ] 002/080 VUs  04m28.9s/10m0s  60.00 iters/s

running (04m29.9s), 002/080 VUs, 16192 complete and 0 interrupted iterations
soak   [  45% ] 002/080 VUs  04m29.9s/10m0s  60.00 iters/s

running (04m30.9s), 002/080 VUs, 16252 complete and 0 interrupted iterations
soak   [  45% ] 002/080 VUs  04m30.9s/10m0s  60.00 iters/s

running (04m31.9s), 002/080 VUs, 16312 complete and 0 interrupted iterations
soak   [  45% ] 002/080 VUs  04m31.9s/10m0s  60.00 iters/s

running (04m32.9s), 002/080 VUs, 16372 complete and 0 interrupted iterations
soak   [  45% ] 002/080 VUs  04m32.9s/10m0s  60.00 iters/s

running (04m33.9s), 001/080 VUs, 16433 complete and 0 interrupted iterations
soak   [  46% ] 001/080 VUs  04m33.9s/10m0s  60.00 iters/s

running (04m34.9s), 006/080 VUs, 16487 complete and 0 interrupted iterations
soak   [  46% ] 006/080 VUs  04m34.9s/10m0s  60.00 iters/s

running (04m35.9s), 003/080 VUs, 16551 complete and 0 interrupted iterations
soak   [  46% ] 003/080 VUs  04m35.9s/10m0s  60.00 iters/s

running (04m36.9s), 002/080 VUs, 16612 complete and 0 interrupted iterations
soak   [  46% ] 002/080 VUs  04m36.9s/10m0s  60.00 iters/s

running (04m37.9s), 002/080 VUs, 16672 complete and 0 interrupted iterations
soak   [  46% ] 002/080 VUs  04m37.9s/10m0s  60.00 iters/s

running (04m38.9s), 002/080 VUs, 16732 complete and 0 interrupted iterations
soak   [  46% ] 002/080 VUs  04m38.9s/10m0s  60.00 iters/s

running (04m39.9s), 002/080 VUs, 16792 complete and 0 interrupted iterations
soak   [  47% ] 002/080 VUs  04m39.9s/10m0s  60.00 iters/s

running (04m40.9s), 002/080 VUs, 16852 complete and 0 interrupted iterations
soak   [  47% ] 002/080 VUs  04m40.9s/10m0s  60.00 iters/s

running (04m41.9s), 003/080 VUs, 16911 complete and 0 interrupted iterations
soak   [  47% ] 003/080 VUs  04m41.9s/10m0s  60.00 iters/s

running (04m42.9s), 012/080 VUs, 16962 complete and 0 interrupted iterations
soak   [  47% ] 012/080 VUs  04m42.9s/10m0s  60.00 iters/s

running (04m43.9s), 003/080 VUs, 17031 complete and 0 interrupted iterations
soak   [  47% ] 003/080 VUs  04m43.9s/10m0s  60.00 iters/s

running (04m44.9s), 001/080 VUs, 17093 complete and 0 interrupted iterations
soak   [  47% ] 001/080 VUs  04m44.9s/10m0s  60.00 iters/s

running (04m45.9s), 002/080 VUs, 17152 complete and 0 interrupted iterations
soak   [  48% ] 002/080 VUs  04m45.9s/10m0s  60.00 iters/s

running (04m46.9s), 002/080 VUs, 17212 complete and 0 interrupted iterations
soak   [  48% ] 002/080 VUs  04m46.9s/10m0s  60.00 iters/s

running (04m47.9s), 002/080 VUs, 17272 complete and 0 interrupted iterations
soak   [  48% ] 002/080 VUs  04m47.9s/10m0s  60.00 iters/s

running (04m48.9s), 001/080 VUs, 17333 complete and 0 interrupted iterations
soak   [  48% ] 001/080 VUs  04m48.9s/10m0s  60.00 iters/s

running (04m49.9s), 005/080 VUs, 17389 complete and 0 interrupted iterations
soak   [  48% ] 005/080 VUs  04m49.9s/10m0s  60.00 iters/s

running (04m50.9s), 005/080 VUs, 17449 complete and 0 interrupted iterations
soak   [  48% ] 005/080 VUs  04m50.9s/10m0s  60.00 iters/s

running (04m51.9s), 002/080 VUs, 17512 complete and 0 interrupted iterations
soak   [  49% ] 002/080 VUs  04m51.9s/10m0s  60.00 iters/s

running (04m52.9s), 002/080 VUs, 17572 complete and 0 interrupted iterations
soak   [  49% ] 002/080 VUs  04m52.9s/10m0s  60.00 iters/s

running (04m53.9s), 002/080 VUs, 17632 complete and 0 interrupted iterations
soak   [  49% ] 002/080 VUs  04m53.9s/10m0s  60.00 iters/s

running (04m54.9s), 002/080 VUs, 17692 complete and 0 interrupted iterations
soak   [  49% ] 002/080 VUs  04m54.9s/10m0s  60.00 iters/s

running (04m55.9s), 002/080 VUs, 17752 complete and 0 interrupted iterations
soak   [  49% ] 002/080 VUs  04m55.9s/10m0s  60.00 iters/s

running (04m56.9s), 003/080 VUs, 17811 complete and 0 interrupted iterations
soak   [  49% ] 003/080 VUs  04m56.9s/10m0s  60.00 iters/s

running (04m57.9s), 002/080 VUs, 17872 complete and 0 interrupted iterations
soak   [  50% ] 002/080 VUs  04m57.9s/10m0s  60.00 iters/s

running (04m58.9s), 002/080 VUs, 17932 complete and 0 interrupted iterations
soak   [  50% ] 002/080 VUs  04m58.9s/10m0s  60.00 iters/s

running (04m59.9s), 002/080 VUs, 17992 complete and 0 interrupted iterations
soak   [  50% ] 002/080 VUs  04m59.9s/10m0s  60.00 iters/s

running (05m00.9s), 002/080 VUs, 18052 complete and 0 interrupted iterations
soak   [  50% ] 002/080 VUs  05m00.9s/10m0s  60.00 iters/s

running (05m01.9s), 002/080 VUs, 18112 complete and 0 interrupted iterations
soak   [  50% ] 002/080 VUs  05m01.9s/10m0s  60.00 iters/s

running (05m02.9s), 002/080 VUs, 18172 complete and 0 interrupted iterations
soak   [  50% ] 002/080 VUs  05m02.9s/10m0s  60.00 iters/s

running (05m03.9s), 003/080 VUs, 18231 complete and 0 interrupted iterations
soak   [  51% ] 003/080 VUs  05m03.9s/10m0s  60.00 iters/s

running (05m04.9s), 014/080 VUs, 18280 complete and 0 interrupted iterations
soak   [  51% ] 014/080 VUs  05m04.9s/10m0s  60.00 iters/s

running (05m05.9s), 003/080 VUs, 18351 complete and 0 interrupted iterations
soak   [  51% ] 003/080 VUs  05m05.9s/10m0s  60.00 iters/s

running (05m06.9s), 002/080 VUs, 18412 complete and 0 interrupted iterations
soak   [  51% ] 002/080 VUs  05m06.9s/10m0s  60.00 iters/s

running (05m07.9s), 001/080 VUs, 18473 complete and 0 interrupted iterations
soak   [  51% ] 001/080 VUs  05m07.9s/10m0s  60.00 iters/s

running (05m08.9s), 002/080 VUs, 18532 complete and 0 interrupted iterations
soak   [  51% ] 002/080 VUs  05m08.9s/10m0s  60.00 iters/s

running (05m09.9s), 002/080 VUs, 18592 complete and 0 interrupted iterations
soak   [  52% ] 002/080 VUs  05m09.9s/10m0s  60.00 iters/s

running (05m10.9s), 001/080 VUs, 18653 complete and 0 interrupted iterations
soak   [  52% ] 001/080 VUs  05m10.9s/10m0s  60.00 iters/s

running (05m11.9s), 003/080 VUs, 18710 complete and 0 interrupted iterations
soak   [  52% ] 003/080 VUs  05m11.9s/10m0s  60.00 iters/s

running (05m12.9s), 002/080 VUs, 18772 complete and 0 interrupted iterations
soak   [  52% ] 002/080 VUs  05m12.9s/10m0s  60.00 iters/s

running (05m13.9s), 002/080 VUs, 18832 complete and 0 interrupted iterations
soak   [  52% ] 002/080 VUs  05m13.9s/10m0s  60.00 iters/s

running (05m14.9s), 002/080 VUs, 18891 complete and 0 interrupted iterations
soak   [  52% ] 002/080 VUs  05m14.9s/10m0s  60.00 iters/s

running (05m15.9s), 002/080 VUs, 18952 complete and 0 interrupted iterations
soak   [  53% ] 002/080 VUs  05m15.9s/10m0s  60.00 iters/s

running (05m16.9s), 002/080 VUs, 19012 complete and 0 interrupted iterations
soak   [  53% ] 002/080 VUs  05m16.9s/10m0s  60.00 iters/s

running (05m17.9s), 002/080 VUs, 19072 complete and 0 interrupted iterations
soak   [  53% ] 002/080 VUs  05m17.9s/10m0s  60.00 iters/s

running (05m18.9s), 003/080 VUs, 19131 complete and 0 interrupted iterations
soak   [  53% ] 003/080 VUs  05m18.9s/10m0s  60.00 iters/s

running (05m19.9s), 011/080 VUs, 19183 complete and 0 interrupted iterations
soak   [  53% ] 011/080 VUs  05m19.9s/10m0s  60.00 iters/s

running (05m20.9s), 002/080 VUs, 19252 complete and 0 interrupted iterations
soak   [  53% ] 002/080 VUs  05m20.9s/10m0s  60.00 iters/s

running (05m21.9s), 002/080 VUs, 19312 complete and 0 interrupted iterations
soak   [  54% ] 002/080 VUs  05m21.9s/10m0s  60.00 iters/s

running (05m22.9s), 002/080 VUs, 19372 complete and 0 interrupted iterations
soak   [  54% ] 002/080 VUs  05m22.9s/10m0s  60.00 iters/s

running (05m23.9s), 002/080 VUs, 19432 complete and 0 interrupted iterations
soak   [  54% ] 002/080 VUs  05m23.9s/10m0s  60.00 iters/s

running (05m24.9s), 002/080 VUs, 19492 complete and 0 interrupted iterations
soak   [  54% ] 002/080 VUs  05m24.9s/10m0s  60.00 iters/s

running (05m25.9s), 002/080 VUs, 19552 complete and 0 interrupted iterations
soak   [  54% ] 002/080 VUs  05m25.9s/10m0s  60.00 iters/s

running (05m26.9s), 005/080 VUs, 19609 complete and 0 interrupted iterations
soak   [  54% ] 005/080 VUs  05m26.9s/10m0s  60.00 iters/s

running (05m27.9s), 003/080 VUs, 19671 complete and 0 interrupted iterations
soak   [  55% ] 003/080 VUs  05m27.9s/10m0s  60.00 iters/s

running (05m28.9s), 002/080 VUs, 19732 complete and 0 interrupted iterations
soak   [  55% ] 002/080 VUs  05m28.9s/10m0s  60.00 iters/s

running (05m29.9s), 002/080 VUs, 19792 complete and 0 interrupted iterations
soak   [  55% ] 002/080 VUs  05m29.9s/10m0s  60.00 iters/s

running (05m30.9s), 002/080 VUs, 19852 complete and 0 interrupted iterations
soak   [  55% ] 002/080 VUs  05m30.9s/10m0s  60.00 iters/s

running (05m31.9s), 001/080 VUs, 19913 complete and 0 interrupted iterations
soak   [  55% ] 001/080 VUs  05m31.9s/10m0s  60.00 iters/s

running (05m32.9s), 001/080 VUs, 19972 complete and 0 interrupted iterations
soak   [  55% ] 001/080 VUs  05m32.9s/10m0s  60.00 iters/s

running (05m33.9s), 011/080 VUs, 20022 complete and 0 interrupted iterations
soak   [  56% ] 011/080 VUs  05m33.9s/10m0s  60.00 iters/s

running (05m34.9s), 022/080 VUs, 20072 complete and 0 interrupted iterations
soak   [  56% ] 022/080 VUs  05m34.9s/10m0s  60.00 iters/s

running (05m35.9s), 003/080 VUs, 20151 complete and 0 interrupted iterations
soak   [  56% ] 003/080 VUs  05m35.9s/10m0s  60.00 iters/s

running (05m36.9s), 002/080 VUs, 20212 complete and 0 interrupted iterations
soak   [  56% ] 002/080 VUs  05m36.9s/10m0s  60.00 iters/s

running (05m37.9s), 002/080 VUs, 20272 complete and 0 interrupted iterations
soak   [  56% ] 002/080 VUs  05m37.9s/10m0s  60.00 iters/s

running (05m38.9s), 002/080 VUs, 20332 complete and 0 interrupted iterations
soak   [  56% ] 002/080 VUs  05m38.9s/10m0s  60.00 iters/s

running (05m39.9s), 002/080 VUs, 20392 complete and 0 interrupted iterations
soak   [  57% ] 002/080 VUs  05m39.9s/10m0s  60.00 iters/s

running (05m40.9s), 002/080 VUs, 20452 complete and 0 interrupted iterations
soak   [  57% ] 002/080 VUs  05m40.9s/10m0s  60.00 iters/s

running (05m41.9s), 004/080 VUs, 20510 complete and 0 interrupted iterations
soak   [  57% ] 004/080 VUs  05m41.9s/10m0s  60.00 iters/s

running (05m42.9s), 002/080 VUs, 20571 complete and 0 interrupted iterations
soak   [  57% ] 002/080 VUs  05m42.9s/10m0s  60.00 iters/s

running (05m43.9s), 002/080 VUs, 20632 complete and 0 interrupted iterations
soak   [  57% ] 002/080 VUs  05m43.9s/10m0s  60.00 iters/s

running (05m44.9s), 002/080 VUs, 20692 complete and 0 interrupted iterations
soak   [  57% ] 002/080 VUs  05m44.9s/10m0s  60.00 iters/s

running (05m45.9s), 002/080 VUs, 20752 complete and 0 interrupted iterations
soak   [  58% ] 002/080 VUs  05m45.9s/10m0s  60.00 iters/s

running (05m46.9s), 002/080 VUs, 20811 complete and 0 interrupted iterations
soak   [  58% ] 002/080 VUs  05m46.9s/10m0s  60.00 iters/s

running (05m47.9s), 002/080 VUs, 20872 complete and 0 interrupted iterations
soak   [  58% ] 002/080 VUs  05m47.9s/10m0s  60.00 iters/s

running (05m48.9s), 003/080 VUs, 20931 complete and 0 interrupted iterations
soak   [  58% ] 003/080 VUs  05m48.9s/10m0s  60.00 iters/s

running (05m49.9s), 004/080 VUs, 20990 complete and 0 interrupted iterations
soak   [  58% ] 004/080 VUs  05m49.9s/10m0s  60.00 iters/s

running (05m50.9s), 003/080 VUs, 21051 complete and 0 interrupted iterations
soak   [  58% ] 003/080 VUs  05m50.9s/10m0s  60.00 iters/s

running (05m51.9s), 002/080 VUs, 21112 complete and 0 interrupted iterations
soak   [  59% ] 002/080 VUs  05m51.9s/10m0s  60.00 iters/s

running (05m52.9s), 002/080 VUs, 21172 complete and 0 interrupted iterations
soak   [  59% ] 002/080 VUs  05m52.9s/10m0s  60.00 iters/s

running (05m53.9s), 002/080 VUs, 21232 complete and 0 interrupted iterations
soak   [  59% ] 002/080 VUs  05m53.9s/10m0s  60.00 iters/s

running (05m54.9s), 002/080 VUs, 21292 complete and 0 interrupted iterations
soak   [  59% ] 002/080 VUs  05m54.9s/10m0s  60.00 iters/s

running (05m55.9s), 002/080 VUs, 21352 complete and 0 interrupted iterations
soak   [  59% ] 002/080 VUs  05m55.9s/10m0s  60.00 iters/s

running (05m56.9s), 012/080 VUs, 21402 complete and 0 interrupted iterations
soak   [  59% ] 012/080 VUs  05m56.9s/10m0s  60.00 iters/s

running (05m57.9s), 004/080 VUs, 21469 complete and 0 interrupted iterations
soak   [  60% ] 004/080 VUs  05m57.9s/10m0s  60.00 iters/s

running (05m58.9s), 002/080 VUs, 21532 complete and 0 interrupted iterations
soak   [  60% ] 002/080 VUs  05m58.9s/10m0s  60.00 iters/s

running (05m59.9s), 003/080 VUs, 21591 complete and 0 interrupted iterations
soak   [  60% ] 003/080 VUs  05m59.9s/10m0s  60.00 iters/s

running (06m00.9s), 001/080 VUs, 21653 complete and 0 interrupted iterations
soak   [  60% ] 001/080 VUs  06m00.9s/10m0s  60.00 iters/s

running (06m01.9s), 001/080 VUs, 21713 complete and 0 interrupted iterations
soak   [  60% ] 001/080 VUs  06m01.9s/10m0s  60.00 iters/s

running (06m02.9s), 002/080 VUs, 21772 complete and 0 interrupted iterations
soak   [  60% ] 002/080 VUs  06m02.9s/10m0s  60.00 iters/s

running (06m03.9s), 004/080 VUs, 21830 complete and 0 interrupted iterations
soak   [  61% ] 004/080 VUs  06m03.9s/10m0s  60.00 iters/s

running (06m04.9s), 002/080 VUs, 21892 complete and 0 interrupted iterations
soak   [  61% ] 002/080 VUs  06m04.9s/10m0s  60.00 iters/s

running (06m05.9s), 003/080 VUs, 21950 complete and 0 interrupted iterations
soak   [  61% ] 003/080 VUs  06m05.9s/10m0s  60.00 iters/s

running (06m06.9s), 002/080 VUs, 22012 complete and 0 interrupted iterations
soak   [  61% ] 002/080 VUs  06m06.9s/10m0s  60.00 iters/s

running (06m07.9s), 002/080 VUs, 22072 complete and 0 interrupted iterations
soak   [  61% ] 002/080 VUs  06m07.9s/10m0s  60.00 iters/s

running (06m08.9s), 002/080 VUs, 22132 complete and 0 interrupted iterations
soak   [  61% ] 002/080 VUs  06m08.9s/10m0s  60.00 iters/s

running (06m09.9s), 002/080 VUs, 22192 complete and 0 interrupted iterations
soak   [  62% ] 002/080 VUs  06m09.9s/10m0s  60.00 iters/s

running (06m10.9s), 003/080 VUs, 22251 complete and 0 interrupted iterations
soak   [  62% ] 003/080 VUs  06m10.9s/10m0s  60.00 iters/s

running (06m11.9s), 002/080 VUs, 22311 complete and 0 interrupted iterations
soak   [  62% ] 002/080 VUs  06m11.9s/10m0s  60.00 iters/s

running (06m12.9s), 003/080 VUs, 22371 complete and 0 interrupted iterations
soak   [  62% ] 003/080 VUs  06m12.9s/10m0s  60.00 iters/s

running (06m13.9s), 002/080 VUs, 22432 complete and 0 interrupted iterations
soak   [  62% ] 002/080 VUs  06m13.9s/10m0s  60.00 iters/s

running (06m14.9s), 001/080 VUs, 22493 complete and 0 interrupted iterations
soak   [  62% ] 001/080 VUs  06m14.9s/10m0s  60.00 iters/s

running (06m15.9s), 002/080 VUs, 22552 complete and 0 interrupted iterations
soak   [  63% ] 002/080 VUs  06m15.9s/10m0s  60.00 iters/s

running (06m16.9s), 002/080 VUs, 22612 complete and 0 interrupted iterations
soak   [  63% ] 002/080 VUs  06m16.9s/10m0s  60.00 iters/s

running (06m17.9s), 002/080 VUs, 22672 complete and 0 interrupted iterations
soak   [  63% ] 002/080 VUs  06m17.9s/10m0s  60.00 iters/s

running (06m18.9s), 003/080 VUs, 22731 complete and 0 interrupted iterations
soak   [  63% ] 003/080 VUs  06m18.9s/10m0s  60.00 iters/s

running (06m19.9s), 002/080 VUs, 22791 complete and 0 interrupted iterations
soak   [  63% ] 002/080 VUs  06m19.9s/10m0s  60.00 iters/s

running (06m20.9s), 002/080 VUs, 22852 complete and 0 interrupted iterations
soak   [  63% ] 002/080 VUs  06m20.9s/10m0s  60.00 iters/s

running (06m21.9s), 002/080 VUs, 22912 complete and 0 interrupted iterations
soak   [  64% ] 002/080 VUs  06m21.9s/10m0s  60.00 iters/s

running (06m22.9s), 002/080 VUs, 22972 complete and 0 interrupted iterations
soak   [  64% ] 002/080 VUs  06m22.9s/10m0s  60.00 iters/s

running (06m23.9s), 002/080 VUs, 23032 complete and 0 interrupted iterations
soak   [  64% ] 002/080 VUs  06m23.9s/10m0s  60.00 iters/s

running (06m24.9s), 002/080 VUs, 23092 complete and 0 interrupted iterations
soak   [  64% ] 002/080 VUs  06m24.9s/10m0s  60.00 iters/s

running (06m25.9s), 009/080 VUs, 23145 complete and 0 interrupted iterations
soak   [  64% ] 009/080 VUs  06m25.9s/10m0s  60.00 iters/s

running (06m26.9s), 004/080 VUs, 23209 complete and 0 interrupted iterations
soak   [  64% ] 004/080 VUs  06m26.9s/10m0s  60.00 iters/s

running (06m27.9s), 003/080 VUs, 23271 complete and 0 interrupted iterations
soak   [  65% ] 003/080 VUs  06m27.9s/10m0s  60.00 iters/s

running (06m28.9s), 001/080 VUs, 23333 complete and 0 interrupted iterations
soak   [  65% ] 001/080 VUs  06m28.9s/10m0s  60.00 iters/s

running (06m29.9s), 002/080 VUs, 23392 complete and 0 interrupted iterations
soak   [  65% ] 002/080 VUs  06m29.9s/10m0s  60.00 iters/s

running (06m30.9s), 002/080 VUs, 23452 complete and 0 interrupted iterations
soak   [  65% ] 002/080 VUs  06m30.9s/10m0s  60.00 iters/s

running (06m31.9s), 001/080 VUs, 23513 complete and 0 interrupted iterations
soak   [  65% ] 001/080 VUs  06m31.9s/10m0s  60.00 iters/s

running (06m32.9s), 002/080 VUs, 23572 complete and 0 interrupted iterations
soak   [  65% ] 002/080 VUs  06m32.9s/10m0s  60.00 iters/s

running (06m33.9s), 003/080 VUs, 23631 complete and 0 interrupted iterations
soak   [  66% ] 003/080 VUs  06m33.9s/10m0s  60.00 iters/s

running (06m34.9s), 004/080 VUs, 23690 complete and 0 interrupted iterations
soak   [  66% ] 004/080 VUs  06m34.9s/10m0s  60.00 iters/s

running (06m35.9s), 002/080 VUs, 23752 complete and 0 interrupted iterations
soak   [  66% ] 002/080 VUs  06m35.9s/10m0s  60.00 iters/s

running (06m36.9s), 002/080 VUs, 23812 complete and 0 interrupted iterations
soak   [  66% ] 002/080 VUs  06m36.9s/10m0s  60.00 iters/s

running (06m37.9s), 002/080 VUs, 23872 complete and 0 interrupted iterations
soak   [  66% ] 002/080 VUs  06m37.9s/10m0s  60.00 iters/s

running (06m38.9s), 002/080 VUs, 23932 complete and 0 interrupted iterations
soak   [  66% ] 002/080 VUs  06m38.9s/10m0s  60.00 iters/s

running (06m39.9s), 002/080 VUs, 23992 complete and 0 interrupted iterations
soak   [  67% ] 002/080 VUs  06m39.9s/10m0s  60.00 iters/s

running (06m40.9s), 004/080 VUs, 24050 complete and 0 interrupted iterations
soak   [  67% ] 004/080 VUs  06m40.9s/10m0s  60.00 iters/s

running (06m41.9s), 001/080 VUs, 24112 complete and 0 interrupted iterations
soak   [  67% ] 001/080 VUs  06m41.9s/10m0s  60.00 iters/s

running (06m42.9s), 002/080 VUs, 24172 complete and 0 interrupted iterations
soak   [  67% ] 002/080 VUs  06m42.9s/10m0s  60.00 iters/s

running (06m43.9s), 002/080 VUs, 24232 complete and 0 interrupted iterations
soak   [  67% ] 002/080 VUs  06m43.9s/10m0s  60.00 iters/s

running (06m44.9s), 002/080 VUs, 24292 complete and 0 interrupted iterations
soak   [  67% ] 002/080 VUs  06m44.9s/10m0s  60.00 iters/s

running (06m45.9s), 002/080 VUs, 24352 complete and 0 interrupted iterations
soak   [  68% ] 001/080 VUs  06m45.9s/10m0s  60.00 iters/s

running (06m46.9s), 002/080 VUs, 24412 complete and 0 interrupted iterations
soak   [  68% ] 002/080 VUs  06m46.9s/10m0s  60.00 iters/s

running (06m47.9s), 004/080 VUs, 24470 complete and 0 interrupted iterations
soak   [  68% ] 004/080 VUs  06m47.9s/10m0s  60.00 iters/s

running (06m48.9s), 005/080 VUs, 24529 complete and 0 interrupted iterations
soak   [  68% ] 005/080 VUs  06m48.9s/10m0s  60.00 iters/s

running (06m49.9s), 003/080 VUs, 24591 complete and 0 interrupted iterations
soak   [  68% ] 003/080 VUs  06m49.9s/10m0s  60.00 iters/s

running (06m50.9s), 002/080 VUs, 24652 complete and 0 interrupted iterations
soak   [  68% ] 002/080 VUs  06m50.9s/10m0s  60.00 iters/s

running (06m51.9s), 002/080 VUs, 24712 complete and 0 interrupted iterations
soak   [  69% ] 002/080 VUs  06m51.9s/10m0s  60.00 iters/s

running (06m52.9s), 002/080 VUs, 24772 complete and 0 interrupted iterations
soak   [  69% ] 002/080 VUs  06m52.9s/10m0s  60.00 iters/s

running (06m53.9s), 002/080 VUs, 24832 complete and 0 interrupted iterations
soak   [  69% ] 002/080 VUs  06m53.9s/10m0s  60.00 iters/s

running (06m54.9s), 002/080 VUs, 24892 complete and 0 interrupted iterations
soak   [  69% ] 002/080 VUs  06m54.9s/10m0s  60.00 iters/s

running (06m55.9s), 006/080 VUs, 24948 complete and 0 interrupted iterations
soak   [  69% ] 006/080 VUs  06m55.9s/10m0s  60.00 iters/s

running (06m56.9s), 003/080 VUs, 25011 complete and 0 interrupted iterations
soak   [  69% ] 003/080 VUs  06m56.9s/10m0s  60.00 iters/s

running (06m57.9s), 002/080 VUs, 25072 complete and 0 interrupted iterations
soak   [  70% ] 002/080 VUs  06m57.9s/10m0s  60.00 iters/s

running (06m58.9s), 001/080 VUs, 25133 complete and 0 interrupted iterations
soak   [  70% ] 001/080 VUs  06m58.9s/10m0s  60.00 iters/s

running (06m59.9s), 002/080 VUs, 25192 complete and 0 interrupted iterations
soak   [  70% ] 002/080 VUs  06m59.9s/10m0s  60.00 iters/s

running (07m00.9s), 002/080 VUs, 25252 complete and 0 interrupted iterations
soak   [  70% ] 002/080 VUs  07m00.9s/10m0s  60.00 iters/s

running (07m01.9s), 002/080 VUs, 25312 complete and 0 interrupted iterations
soak   [  70% ] 002/080 VUs  07m01.9s/10m0s  60.00 iters/s

running (07m02.9s), 002/080 VUs, 25372 complete and 0 interrupted iterations
soak   [  70% ] 002/080 VUs  07m02.9s/10m0s  60.00 iters/s

running (07m03.9s), 002/080 VUs, 25431 complete and 0 interrupted iterations
soak   [  71% ] 002/080 VUs  07m03.9s/10m0s  60.00 iters/s

running (07m04.9s), 008/080 VUs, 25486 complete and 0 interrupted iterations
soak   [  71% ] 008/080 VUs  07m04.9s/10m0s  60.00 iters/s

running (07m05.9s), 001/080 VUs, 25553 complete and 0 interrupted iterations
soak   [  71% ] 001/080 VUs  07m05.9s/10m0s  60.00 iters/s

running (07m06.9s), 002/080 VUs, 25612 complete and 0 interrupted iterations
soak   [  71% ] 002/080 VUs  07m06.9s/10m0s  60.00 iters/s

running (07m07.9s), 002/080 VUs, 25672 complete and 0 interrupted iterations
soak   [  71% ] 002/080 VUs  07m07.9s/10m0s  60.00 iters/s

running (07m08.9s), 002/080 VUs, 25732 complete and 0 interrupted iterations
soak   [  71% ] 002/080 VUs  07m08.9s/10m0s  60.00 iters/s

running (07m09.9s), 002/080 VUs, 25792 complete and 0 interrupted iterations
soak   [  72% ] 002/080 VUs  07m09.9s/10m0s  60.00 iters/s

running (07m10.9s), 010/080 VUs, 25843 complete and 0 interrupted iterations
soak   [  72% ] 010/080 VUs  07m10.9s/10m0s  60.00 iters/s

running (07m11.9s), 003/080 VUs, 25911 complete and 0 interrupted iterations
soak   [  72% ] 003/080 VUs  07m11.9s/10m0s  60.00 iters/s

running (07m12.9s), 002/080 VUs, 25972 complete and 0 interrupted iterations
soak   [  72% ] 002/080 VUs  07m12.9s/10m0s  60.00 iters/s

running (07m13.9s), 002/080 VUs, 26032 complete and 0 interrupted iterations
soak   [  72% ] 002/080 VUs  07m13.9s/10m0s  60.00 iters/s

running (07m14.9s), 002/080 VUs, 26092 complete and 0 interrupted iterations
soak   [  72% ] 002/080 VUs  07m14.9s/10m0s  60.00 iters/s

running (07m15.9s), 002/080 VUs, 26152 complete and 0 interrupted iterations
soak   [  73% ] 002/080 VUs  07m15.9s/10m0s  60.00 iters/s

running (07m16.9s), 002/080 VUs, 26212 complete and 0 interrupted iterations
soak   [  73% ] 002/080 VUs  07m16.9s/10m0s  60.00 iters/s

running (07m17.9s), 003/080 VUs, 26271 complete and 0 interrupted iterations
soak   [  73% ] 003/080 VUs  07m17.9s/10m0s  60.00 iters/s

running (07m18.9s), 003/080 VUs, 26331 complete and 0 interrupted iterations
soak   [  73% ] 003/080 VUs  07m18.9s/10m0s  60.00 iters/s

running (07m19.9s), 003/080 VUs, 26391 complete and 0 interrupted iterations
soak   [  73% ] 003/080 VUs  07m19.9s/10m0s  60.00 iters/s

running (07m20.9s), 002/080 VUs, 26452 complete and 0 interrupted iterations
soak   [  73% ] 002/080 VUs  07m20.9s/10m0s  60.00 iters/s

running (07m21.9s), 002/080 VUs, 26512 complete and 0 interrupted iterations
soak   [  74% ] 002/080 VUs  07m21.9s/10m0s  60.00 iters/s

running (07m22.9s), 002/080 VUs, 26572 complete and 0 interrupted iterations
soak   [  74% ] 002/080 VUs  07m22.9s/10m0s  60.00 iters/s

running (07m23.9s), 002/080 VUs, 26632 complete and 0 interrupted iterations
soak   [  74% ] 002/080 VUs  07m23.9s/10m0s  60.00 iters/s

running (07m24.9s), 001/080 VUs, 26693 complete and 0 interrupted iterations
soak   [  74% ] 001/080 VUs  07m24.9s/10m0s  60.00 iters/s

running (07m25.9s), 006/080 VUs, 26748 complete and 0 interrupted iterations
soak   [  74% ] 006/080 VUs  07m25.9s/10m0s  60.00 iters/s

running (07m26.9s), 002/080 VUs, 26812 complete and 0 interrupted iterations
soak   [  74% ] 002/080 VUs  07m26.9s/10m0s  60.00 iters/s

running (07m27.9s), 002/080 VUs, 26872 complete and 0 interrupted iterations
soak   [  75% ] 002/080 VUs  07m27.9s/10m0s  60.00 iters/s

running (07m28.9s), 002/080 VUs, 26932 complete and 0 interrupted iterations
soak   [  75% ] 002/080 VUs  07m28.9s/10m0s  60.00 iters/s

running (07m29.9s), 002/080 VUs, 26992 complete and 0 interrupted iterations
soak   [  75% ] 002/080 VUs  07m29.9s/10m0s  60.00 iters/s

running (07m30.9s), 002/080 VUs, 27052 complete and 0 interrupted iterations
soak   [  75% ] 002/080 VUs  07m30.9s/10m0s  60.00 iters/s

running (07m31.9s), 002/080 VUs, 27112 complete and 0 interrupted iterations
soak   [  75% ] 002/080 VUs  07m31.9s/10m0s  60.00 iters/s

running (07m32.9s), 010/080 VUs, 27164 complete and 0 interrupted iterations
soak   [  75% ] 010/080 VUs  07m32.9s/10m0s  60.00 iters/s

running (07m33.9s), 020/080 VUs, 27213 complete and 0 interrupted iterations
soak   [  76% ] 020/080 VUs  07m33.9s/10m0s  60.00 iters/s

running (07m34.9s), 003/080 VUs, 27291 complete and 0 interrupted iterations
soak   [  76% ] 003/080 VUs  07m34.9s/10m0s  60.00 iters/s

running (07m35.9s), 002/080 VUs, 27352 complete and 0 interrupted iterations
soak   [  76% ] 002/080 VUs  07m35.9s/10m0s  60.00 iters/s

running (07m36.9s), 002/080 VUs, 27412 complete and 0 interrupted iterations
soak   [  76% ] 002/080 VUs  07m36.9s/10m0s  60.00 iters/s

running (07m37.9s), 002/080 VUs, 27472 complete and 0 interrupted iterations
soak   [  76% ] 002/080 VUs  07m37.9s/10m0s  60.00 iters/s

running (07m38.9s), 002/080 VUs, 27532 complete and 0 interrupted iterations
soak   [  76% ] 002/080 VUs  07m38.9s/10m0s  60.00 iters/s

running (07m39.9s), 002/080 VUs, 27592 complete and 0 interrupted iterations
soak   [  77% ] 002/080 VUs  07m39.9s/10m0s  60.00 iters/s

running (07m40.9s), 005/080 VUs, 27649 complete and 0 interrupted iterations
soak   [  77% ] 005/080 VUs  07m40.9s/10m0s  60.00 iters/s

running (07m41.9s), 002/080 VUs, 27712 complete and 0 interrupted iterations
soak   [  77% ] 002/080 VUs  07m41.9s/10m0s  60.00 iters/s

running (07m42.9s), 002/080 VUs, 27772 complete and 0 interrupted iterations
soak   [  77% ] 002/080 VUs  07m42.9s/10m0s  60.00 iters/s

running (07m43.9s), 002/080 VUs, 27832 complete and 0 interrupted iterations
soak   [  77% ] 002/080 VUs  07m43.9s/10m0s  60.00 iters/s

running (07m44.9s), 002/080 VUs, 27892 complete and 0 interrupted iterations
soak   [  77% ] 002/080 VUs  07m44.9s/10m0s  60.00 iters/s

running (07m45.9s), 002/080 VUs, 27952 complete and 0 interrupted iterations
soak   [  78% ] 002/080 VUs  07m45.9s/10m0s  60.00 iters/s

running (07m46.9s), 002/080 VUs, 28012 complete and 0 interrupted iterations
soak   [  78% ] 002/080 VUs  07m46.9s/10m0s  60.00 iters/s

running (07m47.9s), 003/080 VUs, 28071 complete and 0 interrupted iterations
soak   [  78% ] 003/080 VUs  07m47.9s/10m0s  60.00 iters/s

running (07m48.9s), 008/080 VUs, 28126 complete and 0 interrupted iterations
soak   [  78% ] 008/080 VUs  07m48.9s/10m0s  60.00 iters/s

running (07m49.9s), 004/080 VUs, 28190 complete and 0 interrupted iterations
soak   [  78% ] 004/080 VUs  07m49.9s/10m0s  60.00 iters/s

running (07m50.9s), 003/080 VUs, 28251 complete and 0 interrupted iterations
soak   [  78% ] 003/080 VUs  07m50.9s/10m0s  60.00 iters/s

running (07m51.9s), 002/080 VUs, 28312 complete and 0 interrupted iterations
soak   [  79% ] 002/080 VUs  07m51.9s/10m0s  60.00 iters/s

running (07m52.9s), 002/080 VUs, 28372 complete and 0 interrupted iterations
soak   [  79% ] 002/080 VUs  07m52.9s/10m0s  60.00 iters/s

running (07m53.9s), 002/080 VUs, 28432 complete and 0 interrupted iterations
soak   [  79% ] 002/080 VUs  07m53.9s/10m0s  60.00 iters/s

running (07m54.9s), 001/080 VUs, 28493 complete and 0 interrupted iterations
soak   [  79% ] 001/080 VUs  07m54.9s/10m0s  60.00 iters/s

running (07m55.9s), 003/080 VUs, 28551 complete and 0 interrupted iterations
soak   [  79% ] 003/080 VUs  07m55.9s/10m0s  60.00 iters/s

running (07m56.9s), 003/080 VUs, 28611 complete and 0 interrupted iterations
soak   [  79% ] 003/080 VUs  07m56.9s/10m0s  60.00 iters/s

running (07m57.9s), 002/080 VUs, 28672 complete and 0 interrupted iterations
soak   [  80% ] 002/080 VUs  07m57.9s/10m0s  60.00 iters/s

running (07m58.9s), 001/080 VUs, 28733 complete and 0 interrupted iterations
soak   [  80% ] 001/080 VUs  07m58.9s/10m0s  60.00 iters/s

running (07m59.9s), 002/080 VUs, 28792 complete and 0 interrupted iterations
soak   [  80% ] 002/080 VUs  07m59.9s/10m0s  60.00 iters/s

running (08m00.9s), 002/080 VUs, 28852 complete and 0 interrupted iterations
soak   [  80% ] 002/080 VUs  08m00.9s/10m0s  60.00 iters/s

running (08m01.9s), 002/080 VUs, 28912 complete and 0 interrupted iterations
soak   [  80% ] 002/080 VUs  08m01.9s/10m0s  60.00 iters/s

running (08m02.9s), 003/080 VUs, 28971 complete and 0 interrupted iterations
soak   [  80% ] 003/080 VUs  08m02.9s/10m0s  60.00 iters/s

running (08m03.9s), 003/080 VUs, 29031 complete and 0 interrupted iterations
soak   [  81% ] 003/080 VUs  08m03.9s/10m0s  60.00 iters/s

running (08m04.9s), 002/080 VUs, 29092 complete and 0 interrupted iterations
soak   [  81% ] 002/080 VUs  08m04.9s/10m0s  60.00 iters/s

running (08m05.9s), 002/080 VUs, 29152 complete and 0 interrupted iterations
soak   [  81% ] 002/080 VUs  08m05.9s/10m0s  60.00 iters/s

running (08m06.9s), 002/080 VUs, 29212 complete and 0 interrupted iterations
soak   [  81% ] 002/080 VUs  08m06.9s/10m0s  60.00 iters/s

running (08m07.9s), 002/080 VUs, 29272 complete and 0 interrupted iterations
soak   [  81% ] 002/080 VUs  08m07.9s/10m0s  60.00 iters/s

running (08m08.9s), 002/080 VUs, 29332 complete and 0 interrupted iterations
soak   [  81% ] 002/080 VUs  08m08.9s/10m0s  60.00 iters/s

running (08m09.9s), 003/080 VUs, 29391 complete and 0 interrupted iterations
soak   [  82% ] 003/080 VUs  08m09.9s/10m0s  60.00 iters/s

running (08m10.9s), 003/080 VUs, 29451 complete and 0 interrupted iterations
soak   [  82% ] 003/080 VUs  08m10.9s/10m0s  60.00 iters/s

running (08m11.9s), 003/080 VUs, 29511 complete and 0 interrupted iterations
soak   [  82% ] 003/080 VUs  08m11.9s/10m0s  60.00 iters/s

running (08m12.9s), 002/080 VUs, 29572 complete and 0 interrupted iterations
soak   [  82% ] 002/080 VUs  08m12.9s/10m0s  60.00 iters/s

running (08m13.9s), 002/080 VUs, 29632 complete and 0 interrupted iterations
soak   [  82% ] 002/080 VUs  08m13.9s/10m0s  60.00 iters/s

running (08m14.9s), 002/080 VUs, 29692 complete and 0 interrupted iterations
soak   [  82% ] 002/080 VUs  08m14.9s/10m0s  60.00 iters/s

running (08m15.9s), 003/080 VUs, 29751 complete and 0 interrupted iterations
soak   [  83% ] 003/080 VUs  08m15.9s/10m0s  60.00 iters/s

running (08m16.9s), 002/080 VUs, 29812 complete and 0 interrupted iterations
soak   [  83% ] 002/080 VUs  08m16.9s/10m0s  60.00 iters/s

running (08m17.9s), 003/080 VUs, 29871 complete and 0 interrupted iterations
soak   [  83% ] 003/080 VUs  08m17.9s/10m0s  60.00 iters/s

running (08m18.9s), 002/080 VUs, 29932 complete and 0 interrupted iterations
soak   [  83% ] 002/080 VUs  08m18.9s/10m0s  60.00 iters/s

running (08m19.9s), 004/080 VUs, 29990 complete and 0 interrupted iterations
soak   [  83% ] 004/080 VUs  08m19.9s/10m0s  60.00 iters/s

running (08m20.9s), 002/080 VUs, 30052 complete and 0 interrupted iterations
soak   [  83% ] 002/080 VUs  08m20.9s/10m0s  60.00 iters/s

running (08m21.9s), 002/080 VUs, 30111 complete and 0 interrupted iterations
soak   [  84% ] 002/080 VUs  08m21.9s/10m0s  60.00 iters/s

running (08m22.9s), 002/080 VUs, 30172 complete and 0 interrupted iterations
soak   [  84% ] 002/080 VUs  08m22.9s/10m0s  60.00 iters/s

running (08m23.9s), 002/080 VUs, 30232 complete and 0 interrupted iterations
soak   [  84% ] 002/080 VUs  08m23.9s/10m0s  60.00 iters/s

running (08m24.9s), 002/080 VUs, 30292 complete and 0 interrupted iterations
soak   [  84% ] 002/080 VUs  08m24.9s/10m0s  60.00 iters/s

running (08m25.9s), 004/080 VUs, 30350 complete and 0 interrupted iterations
soak   [  84% ] 004/080 VUs  08m25.9s/10m0s  60.00 iters/s

running (08m26.9s), 002/080 VUs, 30411 complete and 0 interrupted iterations
soak   [  84% ] 002/080 VUs  08m26.9s/10m0s  60.00 iters/s

running (08m27.9s), 002/080 VUs, 30472 complete and 0 interrupted iterations
soak   [  85% ] 002/080 VUs  08m27.9s/10m0s  60.00 iters/s

running (08m28.9s), 002/080 VUs, 30532 complete and 0 interrupted iterations
soak   [  85% ] 002/080 VUs  08m28.9s/10m0s  60.00 iters/s

running (08m29.9s), 003/080 VUs, 30591 complete and 0 interrupted iterations
soak   [  85% ] 003/080 VUs  08m29.9s/10m0s  60.00 iters/s

running (08m30.9s), 002/080 VUs, 30652 complete and 0 interrupted iterations
soak   [  85% ] 002/080 VUs  08m30.9s/10m0s  60.00 iters/s

running (08m31.9s), 002/080 VUs, 30712 complete and 0 interrupted iterations
soak   [  85% ] 002/080 VUs  08m31.9s/10m0s  60.00 iters/s

running (08m32.9s), 003/080 VUs, 30771 complete and 0 interrupted iterations
soak   [  85% ] 003/080 VUs  08m32.9s/10m0s  60.00 iters/s

running (08m33.9s), 002/080 VUs, 30832 complete and 0 interrupted iterations
soak   [  86% ] 002/080 VUs  08m33.9s/10m0s  60.00 iters/s

running (08m34.9s), 002/080 VUs, 30892 complete and 0 interrupted iterations
soak   [  86% ] 002/080 VUs  08m34.9s/10m0s  60.00 iters/s

running (08m35.9s), 003/080 VUs, 30951 complete and 0 interrupted iterations
soak   [  86% ] 003/080 VUs  08m35.9s/10m0s  60.00 iters/s

running (08m36.9s), 001/080 VUs, 31013 complete and 0 interrupted iterations
soak   [  86% ] 001/080 VUs  08m36.9s/10m0s  60.00 iters/s

running (08m37.9s), 002/080 VUs, 31072 complete and 0 interrupted iterations
soak   [  86% ] 002/080 VUs  08m37.9s/10m0s  60.00 iters/s

running (08m38.9s), 002/080 VUs, 31132 complete and 0 interrupted iterations
soak   [  86% ] 002/080 VUs  08m38.9s/10m0s  60.00 iters/s

running (08m39.9s), 007/080 VUs, 31187 complete and 0 interrupted iterations
soak   [  87% ] 007/080 VUs  08m39.9s/10m0s  60.00 iters/s

running (08m40.9s), 004/080 VUs, 31250 complete and 0 interrupted iterations
soak   [  87% ] 004/080 VUs  08m40.9s/10m0s  60.00 iters/s

running (08m41.9s), 003/080 VUs, 31311 complete and 0 interrupted iterations
soak   [  87% ] 003/080 VUs  08m41.9s/10m0s  60.00 iters/s

running (08m42.9s), 002/080 VUs, 31372 complete and 0 interrupted iterations
soak   [  87% ] 002/080 VUs  08m42.9s/10m0s  60.00 iters/s

running (08m43.9s), 002/080 VUs, 31432 complete and 0 interrupted iterations
soak   [  87% ] 002/080 VUs  08m43.9s/10m0s  60.00 iters/s

running (08m44.9s), 002/080 VUs, 31492 complete and 0 interrupted iterations
soak   [  87% ] 002/080 VUs  08m44.9s/10m0s  60.00 iters/s

running (08m45.9s), 002/080 VUs, 31552 complete and 0 interrupted iterations
soak   [  88% ] 002/080 VUs  08m45.9s/10m0s  60.00 iters/s

running (08m46.9s), 001/080 VUs, 31613 complete and 0 interrupted iterations
soak   [  88% ] 001/080 VUs  08m46.9s/10m0s  60.00 iters/s

running (08m47.9s), 004/080 VUs, 31670 complete and 0 interrupted iterations
soak   [  88% ] 004/080 VUs  08m47.9s/10m0s  60.00 iters/s

running (08m48.9s), 003/080 VUs, 31731 complete and 0 interrupted iterations
soak   [  88% ] 003/080 VUs  08m48.9s/10m0s  60.00 iters/s

running (08m49.9s), 002/080 VUs, 31792 complete and 0 interrupted iterations
soak   [  88% ] 002/080 VUs  08m49.9s/10m0s  60.00 iters/s

running (08m50.9s), 002/080 VUs, 31852 complete and 0 interrupted iterations
soak   [  88% ] 002/080 VUs  08m50.9s/10m0s  60.00 iters/s

running (08m51.9s), 002/080 VUs, 31912 complete and 0 interrupted iterations
soak   [  89% ] 002/080 VUs  08m51.9s/10m0s  60.00 iters/s

running (08m52.9s), 003/080 VUs, 31971 complete and 0 interrupted iterations
soak   [  89% ] 003/080 VUs  08m52.9s/10m0s  60.00 iters/s

running (08m53.9s), 002/080 VUs, 32032 complete and 0 interrupted iterations
soak   [  89% ] 002/080 VUs  08m53.9s/10m0s  60.00 iters/s

running (08m54.9s), 003/080 VUs, 32091 complete and 0 interrupted iterations
soak   [  89% ] 003/080 VUs  08m54.9s/10m0s  60.00 iters/s

running (08m55.9s), 002/080 VUs, 32152 complete and 0 interrupted iterations
soak   [  89% ] 002/080 VUs  08m55.9s/10m0s  60.00 iters/s

running (08m56.9s), 002/080 VUs, 32212 complete and 0 interrupted iterations
soak   [  89% ] 002/080 VUs  08m56.9s/10m0s  60.00 iters/s

running (08m57.9s), 001/080 VUs, 32273 complete and 0 interrupted iterations
soak   [  90% ] 001/080 VUs  08m57.9s/10m0s  60.00 iters/s

running (08m58.9s), 002/080 VUs, 32332 complete and 0 interrupted iterations
soak   [  90% ] 002/080 VUs  08m58.9s/10m0s  60.00 iters/s

running (08m59.9s), 002/080 VUs, 32392 complete and 0 interrupted iterations
soak   [  90% ] 002/080 VUs  08m59.9s/10m0s  60.00 iters/s

running (09m00.9s), 002/080 VUs, 32452 complete and 0 interrupted iterations
soak   [  90% ] 002/080 VUs  09m00.9s/10m0s  60.00 iters/s

running (09m01.9s), 004/080 VUs, 32510 complete and 0 interrupted iterations
soak   [  90% ] 004/080 VUs  09m01.9s/10m0s  60.00 iters/s

running (09m02.9s), 002/080 VUs, 32572 complete and 0 interrupted iterations
soak   [  90% ] 002/080 VUs  09m02.9s/10m0s  60.00 iters/s

running (09m03.9s), 005/080 VUs, 32628 complete and 0 interrupted iterations
soak   [  91% ] 005/080 VUs  09m03.9s/10m0s  60.00 iters/s

running (09m04.9s), 002/080 VUs, 32692 complete and 0 interrupted iterations
soak   [  91% ] 002/080 VUs  09m04.9s/10m0s  60.00 iters/s

running (09m05.9s), 002/080 VUs, 32752 complete and 0 interrupted iterations
soak   [  91% ] 002/080 VUs  09m05.9s/10m0s  60.00 iters/s

running (09m06.9s), 001/080 VUs, 32813 complete and 0 interrupted iterations
soak   [  91% ] 001/080 VUs  09m06.9s/10m0s  60.00 iters/s

running (09m07.9s), 002/080 VUs, 32872 complete and 0 interrupted iterations
soak   [  91% ] 002/080 VUs  09m07.9s/10m0s  60.00 iters/s

running (09m08.9s), 001/080 VUs, 32933 complete and 0 interrupted iterations
soak   [  91% ] 001/080 VUs  09m08.9s/10m0s  60.00 iters/s

running (09m09.9s), 005/080 VUs, 32988 complete and 0 interrupted iterations
soak   [  92% ] 005/080 VUs  09m09.9s/10m0s  60.00 iters/s

running (09m10.9s), 002/080 VUs, 33052 complete and 0 interrupted iterations
soak   [  92% ] 002/080 VUs  09m10.9s/10m0s  60.00 iters/s

running (09m11.9s), 001/080 VUs, 33113 complete and 0 interrupted iterations
soak   [  92% ] 001/080 VUs  09m11.9s/10m0s  60.00 iters/s

running (09m12.9s), 002/080 VUs, 33172 complete and 0 interrupted iterations
soak   [  92% ] 002/080 VUs  09m12.9s/10m0s  60.00 iters/s

running (09m13.9s), 002/080 VUs, 33232 complete and 0 interrupted iterations
soak   [  92% ] 002/080 VUs  09m13.9s/10m0s  60.00 iters/s

running (09m14.9s), 002/080 VUs, 33292 complete and 0 interrupted iterations
soak   [  92% ] 002/080 VUs  09m14.9s/10m0s  60.00 iters/s

running (09m15.9s), 001/080 VUs, 33353 complete and 0 interrupted iterations
soak   [  93% ] 001/080 VUs  09m15.9s/10m0s  60.00 iters/s

running (09m16.9s), 004/080 VUs, 33410 complete and 0 interrupted iterations
soak   [  93% ] 004/080 VUs  09m16.9s/10m0s  60.00 iters/s

running (09m17.9s), 002/080 VUs, 33471 complete and 0 interrupted iterations
soak   [  93% ] 002/080 VUs  09m17.9s/10m0s  60.00 iters/s

running (09m18.9s), 002/080 VUs, 33532 complete and 0 interrupted iterations
soak   [  93% ] 002/080 VUs  09m18.9s/10m0s  60.00 iters/s

running (09m19.9s), 002/080 VUs, 33592 complete and 0 interrupted iterations
soak   [  93% ] 002/080 VUs  09m19.9s/10m0s  60.00 iters/s

running (09m20.9s), 001/080 VUs, 33653 complete and 0 interrupted iterations
soak   [  93% ] 001/080 VUs  09m20.9s/10m0s  60.00 iters/s

running (09m21.9s), 002/080 VUs, 33712 complete and 0 interrupted iterations
soak   [  94% ] 002/080 VUs  09m21.9s/10m0s  60.00 iters/s

running (09m22.9s), 002/080 VUs, 33772 complete and 0 interrupted iterations
soak   [  94% ] 002/080 VUs  09m22.9s/10m0s  60.00 iters/s

running (09m23.9s), 002/080 VUs, 33832 complete and 0 interrupted iterations
soak   [  94% ] 002/080 VUs  09m23.9s/10m0s  60.00 iters/s

running (09m24.9s), 008/080 VUs, 33886 complete and 0 interrupted iterations
soak   [  94% ] 008/080 VUs  09m24.9s/10m0s  60.00 iters/s

running (09m25.9s), 004/080 VUs, 33950 complete and 0 interrupted iterations
soak   [  94% ] 004/080 VUs  09m25.9s/10m0s  60.00 iters/s

running (09m26.9s), 002/080 VUs, 34012 complete and 0 interrupted iterations
soak   [  94% ] 002/080 VUs  09m26.9s/10m0s  60.00 iters/s

running (09m27.9s), 002/080 VUs, 34072 complete and 0 interrupted iterations
soak   [  95% ] 002/080 VUs  09m27.9s/10m0s  60.00 iters/s

running (09m28.9s), 002/080 VUs, 34132 complete and 0 interrupted iterations
soak   [  95% ] 002/080 VUs  09m28.9s/10m0s  60.00 iters/s

running (09m29.9s), 002/080 VUs, 34192 complete and 0 interrupted iterations
soak   [  95% ] 002/080 VUs  09m29.9s/10m0s  60.00 iters/s

running (09m30.9s), 001/080 VUs, 34252 complete and 0 interrupted iterations
soak   [  95% ] 001/080 VUs  09m30.9s/10m0s  60.00 iters/s

running (09m31.9s), 002/080 VUs, 34311 complete and 0 interrupted iterations
soak   [  95% ] 002/080 VUs  09m31.9s/10m0s  60.00 iters/s

running (09m32.9s), 002/080 VUs, 34371 complete and 0 interrupted iterations
soak   [  95% ] 002/080 VUs  09m32.9s/10m0s  60.00 iters/s

running (09m33.9s), 002/080 VUs, 34432 complete and 0 interrupted iterations
soak   [  96% ] 002/080 VUs  09m33.9s/10m0s  60.00 iters/s

running (09m34.9s), 002/080 VUs, 34492 complete and 0 interrupted iterations
soak   [  96% ] 002/080 VUs  09m34.9s/10m0s  60.00 iters/s

running (09m35.9s), 002/080 VUs, 34552 complete and 0 interrupted iterations
soak   [  96% ] 002/080 VUs  09m35.9s/10m0s  60.00 iters/s

running (09m36.9s), 003/080 VUs, 34611 complete and 0 interrupted iterations
soak   [  96% ] 003/080 VUs  09m36.9s/10m0s  60.00 iters/s

running (09m37.9s), 002/080 VUs, 34672 complete and 0 interrupted iterations
soak   [  96% ] 002/080 VUs  09m37.9s/10m0s  60.00 iters/s

running (09m38.9s), 002/080 VUs, 34731 complete and 0 interrupted iterations
soak   [  96% ] 002/080 VUs  09m38.9s/10m0s  60.00 iters/s

running (09m39.9s), 002/080 VUs, 34792 complete and 0 interrupted iterations
soak   [  97% ] 002/080 VUs  09m39.9s/10m0s  60.00 iters/s

running (09m40.9s), 004/080 VUs, 34850 complete and 0 interrupted iterations
soak   [  97% ] 004/080 VUs  09m40.9s/10m0s  60.00 iters/s

running (09m41.9s), 002/080 VUs, 34912 complete and 0 interrupted iterations
soak   [  97% ] 002/080 VUs  09m41.9s/10m0s  60.00 iters/s

running (09m42.9s), 002/080 VUs, 34972 complete and 0 interrupted iterations
soak   [  97% ] 002/080 VUs  09m42.9s/10m0s  60.00 iters/s

running (09m43.9s), 001/080 VUs, 35033 complete and 0 interrupted iterations
soak   [  97% ] 001/080 VUs  09m43.9s/10m0s  60.00 iters/s

running (09m44.9s), 002/080 VUs, 35092 complete and 0 interrupted iterations
soak   [  97% ] 002/080 VUs  09m44.9s/10m0s  60.00 iters/s

running (09m45.9s), 002/080 VUs, 35152 complete and 0 interrupted iterations
soak   [  98% ] 002/080 VUs  09m45.9s/10m0s  60.00 iters/s

running (09m46.9s), 002/080 VUs, 35211 complete and 0 interrupted iterations
soak   [  98% ] 002/080 VUs  09m46.9s/10m0s  60.00 iters/s

running (09m47.9s), 002/080 VUs, 35271 complete and 0 interrupted iterations
soak   [  98% ] 002/080 VUs  09m47.9s/10m0s  60.00 iters/s

running (09m48.9s), 002/080 VUs, 35332 complete and 0 interrupted iterations
soak   [  98% ] 002/080 VUs  09m48.9s/10m0s  60.00 iters/s

running (09m49.9s), 002/080 VUs, 35392 complete and 0 interrupted iterations
soak   [  98% ] 002/080 VUs  09m49.9s/10m0s  60.00 iters/s

running (09m50.9s), 002/080 VUs, 35452 complete and 0 interrupted iterations
soak   [  98% ] 002/080 VUs  09m50.9s/10m0s  60.00 iters/s

running (09m51.9s), 002/080 VUs, 35512 complete and 0 interrupted iterations
soak   [  99% ] 002/080 VUs  09m51.9s/10m0s  60.00 iters/s

running (09m52.9s), 001/080 VUs, 35573 complete and 0 interrupted iterations
soak   [  99% ] 001/080 VUs  09m52.9s/10m0s  60.00 iters/s

running (09m53.9s), 011/080 VUs, 35622 complete and 0 interrupted iterations
soak   [  99% ] 011/080 VUs  09m53.9s/10m0s  60.00 iters/s

running (09m54.9s), 001/080 VUs, 35692 complete and 0 interrupted iterations
soak   [  99% ] 001/080 VUs  09m54.9s/10m0s  60.00 iters/s

running (09m55.9s), 004/080 VUs, 35749 complete and 0 interrupted iterations
soak   [  99% ] 004/080 VUs  09m55.9s/10m0s  60.00 iters/s

running (09m56.9s), 002/080 VUs, 35812 complete and 0 interrupted iterations
soak   [  99% ] 002/080 VUs  09m56.9s/10m0s  60.00 iters/s

running (09m57.9s), 002/080 VUs, 35872 complete and 0 interrupted iterations
soak   [ 100% ] 002/080 VUs  09m57.9s/10m0s  60.00 iters/s

running (09m58.9s), 001/080 VUs, 35933 complete and 0 interrupted iterations
soak   [ 100% ] 001/080 VUs  09m58.9s/10m0s  60.00 iters/s

running (09m59.9s), 002/080 VUs, 35992 complete and 0 interrupted iterations
soak   [ 100% ] 002/080 VUs  09m59.9s/10m0s  60.00 iters/s


  █ THRESHOLDS 

    http_req_duration
    ✓ 'p(95)<1500' p(95)=97.28ms

    http_req_failed
    ✓ 'rate<0.01' rate=0.00%


  █ TOTAL RESULTS 

    checks_total.......: 36160   60.266391/s
    checks_succeeded...: 100.00% 36160 out of 36160
    checks_failed......: 0.00%   0 out of 36160

    ✓ csrf 200
    ✓ submit 202

    HTTP
    http_req_duration..............: avg=25.91ms min=2.32ms  med=7.74ms  max=1.45s p(90)=57.13ms p(95)=97.28ms 
      { expected_response:true }...: avg=25.91ms min=2.32ms  med=7.74ms  max=1.45s p(90)=57.13ms p(95)=97.28ms 
    http_req_failed................: 0.00% 0 out of 36160
    http_reqs......................: 36160 60.266391/s

    EXECUTION
    iteration_duration.............: avg=37.83ms min=17.02ms med=19.32ms max=1.57s p(90)=69.35ms p(95)=108.58ms
    iterations.....................: 36000 59.999725/s
    vus............................: 1     min=1          max=38
    vus_max........................: 80    min=80         max=80

    NETWORK
    data_received..................: 45 MB 75 kB/s
    data_sent......................: 16 MB 27 kB/s




running (10m00.0s), 000/080 VUs, 36000 complete and 0 interrupted iterations
soak ✓ [ 100% ] 000/080 VUs  10m0s  60.00 iters/s
